   1              		.file	"vector_table.c"
   2              		.text
   3              		.text
   4              	.Ltext0:
   5              		.cfi_sections	.debug_frame
   6              		.global	_HardwareVectors
   7              		.section	.vects,"aw",@progbits
   8              		.align 2
  11              	_HardwareVectors:
  12 0000 00000000 		.long	_PowerON_Reset
  13 0004 00000000 		.long	_stack
  14 0008 00000000 		.long	_INT_Manual_Reset_PC
  15 000c 00000000 		.long	_INT_Manual_Reset_SP
  16 0010 00000000 		.long	_INT_Illegal_code
  17 0014 00000000 		.long	0
  18 0018 00000000 		.long	_INT_Illegal_slot
  19 001c 00000000 		.long	0
  20 0020 00000000 		.long	0
  21 0024 00000000 		.long	_INT_CPU_Address
  22 0028 00000000 		.long	_INT_DTC_Address
  23 002c 00000000 		.long	_INT_NMI
  24 0030 00000000 		.long	_INT_User_Break
  25 0034 00000000 		.long	0
  26 0038 00000000 		.long	_INT_H_UDI
  27 003c 00000000 		.long	0
  28 0040 00000000 		.long	0
  29 0044 00000000 		.long	0
  30 0048 00000000 		.long	0
  31 004c 00000000 		.long	0
  32 0050 00000000 		.long	0
  33 0054 00000000 		.long	0
  34 0058 00000000 		.long	0
  35 005c 00000000 		.long	0
  36 0060 00000000 		.long	0
  37 0064 00000000 		.long	0
  38 0068 00000000 		.long	0
  39 006c 00000000 		.long	0
  40 0070 00000000 		.long	0
  41 0074 00000000 		.long	0
  42 0078 00000000 		.long	0
  43 007c 00000000 		.long	0
  44 0080 00000000 		.long	_INT_TRAPA32
  45 0084 00000000 		.long	_INT_TRAPA33
  46 0088 00000000 		.long	_INT_TRAPA34
  47 008c 00000000 		.long	_INT_TRAPA35
  48 0090 00000000 		.long	_INT_TRAPA36
  49 0094 00000000 		.long	_INT_TRAPA37
  50 0098 00000000 		.long	_INT_TRAPA38
  51 009c 00000000 		.long	_INT_TRAPA39
  52 00a0 00000000 		.long	_INT_TRAPA40
  53 00a4 00000000 		.long	_INT_TRAPA41
  54 00a8 00000000 		.long	_INT_TRAPA42
  55 00ac 00000000 		.long	_INT_TRAPA43
  56 00b0 00000000 		.long	_INT_TRAPA44
  57 00b4 00000000 		.long	_INT_TRAPA45
  58 00b8 00000000 		.long	_INT_TRAPA46
  59 00bc 00000000 		.long	_INT_TRAPA47
  60 00c0 00000000 		.long	_INT_TRAPA48
  61 00c4 00000000 		.long	_INT_TRAPA49
  62 00c8 00000000 		.long	_INT_TRAPA50
  63 00cc 00000000 		.long	_INT_TRAPA51
  64 00d0 00000000 		.long	_INT_TRAPA52
  65 00d4 00000000 		.long	_INT_TRAPA53
  66 00d8 00000000 		.long	_INT_TRAPA54
  67 00dc 00000000 		.long	_INT_TRAPA55
  68 00e0 00000000 		.long	_INT_TRAPA56
  69 00e4 00000000 		.long	_INT_TRAPA57
  70 00e8 00000000 		.long	_INT_TRAPA58
  71 00ec 00000000 		.long	_INT_TRAPA59
  72 00f0 00000000 		.long	_INT_TRAPA60
  73 00f4 00000000 		.long	_INT_TRAPA61
  74 00f8 00000000 		.long	_INT_TRAPA62
  75 00fc 00000000 		.long	_INT_TRAPA63
  76 0100 00000000 		.long	_INT_IRQ0
  77 0104 00000000 		.long	_INT_IRQ1
  78 0108 00000000 		.long	_INT_IRQ2
  79 010c 00000000 		.long	_INT_IRQ3
  80 0110 00000000 		.long	0
  81 0114 00000000 		.long	0
  82 0118 00000000 		.long	0
  83 011c 00000000 		.long	0
  84 0120 00000000 		.long	0
  85 0124 00000000 		.long	0
  86 0128 00000000 		.long	0
  87 012c 00000000 		.long	0
  88 0130 00000000 		.long	0
  89 0134 00000000 		.long	0
  90 0138 00000000 		.long	0
  91 013c 00000000 		.long	0
  92 0140 00000000 		.long	0
  93 0144 00000000 		.long	0
  94 0148 00000000 		.long	0
  95 014c 00000000 		.long	0
  96 0150 00000000 		.long	0
  97 0154 00000000 		.long	0
  98 0158 00000000 		.long	0
  99 015c 00000000 		.long	0
 100 0160 00000000 		.long	_INT_MTU0_TGIA0
 101 0164 00000000 		.long	_INT_MTU0_TGIB0
 102 0168 00000000 		.long	_INT_MTU0_TGIC0
 103 016c 00000000 		.long	_INT_MTU0_TGID0
 104 0170 00000000 		.long	_INT_MTU0_TCIV0
 105 0174 00000000 		.long	0
 106 0178 00000000 		.long	0
 107 017c 00000000 		.long	0
 108 0180 00000000 		.long	_INT_MTU1_TGIA1
 109 0184 00000000 		.long	_INT_MTU1_TGIB1
 110 0188 00000000 		.long	0
 111 018c 00000000 		.long	0
 112 0190 00000000 		.long	_INT_MTU1_TCIV1
 113 0194 00000000 		.long	_INT_MTU1_TCIU1
 114 0198 00000000 		.long	0
 115 019c 00000000 		.long	0
 116 01a0 00000000 		.long	_INT_MTU2_TGIA2
 117 01a4 00000000 		.long	_INT_MTU2_TGIB2
 118 01a8 00000000 		.long	0
 119 01ac 00000000 		.long	0
 120 01b0 00000000 		.long	_INT_MTU2_TCIV2
 121 01b4 00000000 		.long	_INT_MTU2_TCIU2
 122 01b8 00000000 		.long	0
 123 01bc 00000000 		.long	0
 124 01c0 00000000 		.long	_INT_MTU3_TGIA3
 125 01c4 00000000 		.long	_INT_MTU3_TGIB3
 126 01c8 00000000 		.long	_INT_MTU3_TGIC3
 127 01cc 00000000 		.long	_INT_MTU3_TGID3
 128 01d0 00000000 		.long	_INT_MTU3_TCIV3
 129 01d4 00000000 		.long	0
 130 01d8 00000000 		.long	0
 131 01dc 00000000 		.long	0
 132 01e0 00000000 		.long	_INT_MTU4_TGIA4
 133 01e4 00000000 		.long	_INT_MTU4_TGIB4
 134 01e8 00000000 		.long	_INT_MTU4_TGIC4
 135 01ec 00000000 		.long	_INT_MTU4_TGID4
 136 01f0 00000000 		.long	_INT_MTU4_TCIV4
 137 01f4 00000000 		.long	0
 138 01f8 00000000 		.long	0
 139 01fc 00000000 		.long	0
 140 0200 00000000 		.long	0
 141 0204 00000000 		.long	0
 142 0208 00000000 		.long	0
 143 020c 00000000 		.long	0
 144 0210 00000000 		.long	0
 145 0214 00000000 		.long	0
 146 0218 00000000 		.long	0
 147 021c 00000000 		.long	0
 148 0220 00000000 		.long	_INT_ADI0
 149 0224 00000000 		.long	_INT_ADI1
 150 0228 00000000 		.long	0
 151 022c 00000000 		.long	0
 152 0230 00000000 		.long	_INT_DTC_SWDTEND
 153 0234 00000000 		.long	0
 154 0238 00000000 		.long	0
 155 023c 00000000 		.long	0
 156 0240 00000000 		.long	_INT_CMT_CMT0
 157 0244 00000000 		.long	0
 158 0248 00000000 		.long	0
 159 024c 00000000 		.long	0
 160 0250 00000000 		.long	_INT_CMT_CMT1
 161 0254 00000000 		.long	0
 162 0258 00000000 		.long	0
 163 025c 00000000 		.long	0
 164 0260 00000000 		.long	_INT_WDT_ITI
 165 0264 00000000 		.long	0
 166 0268 00000000 		.long	0
 167 026c 00000000 		.long	0
 168 0270 00000000 		.long	_INT_MTUOEI
 169 0274 00000000 		.long	0
 170 0278 00000000 		.long	0
 171 027c 00000000 		.long	0
 172 0280 00000000 		.long	0
 173 0284 00000000 		.long	0
 174 0288 00000000 		.long	0
 175 028c 00000000 		.long	0
 176 0290 00000000 		.long	0
 177 0294 00000000 		.long	0
 178 0298 00000000 		.long	0
 179 029c 00000000 		.long	0
 180 02a0 00000000 		.long	_INT_SCI2_ERI2
 181 02a4 00000000 		.long	_INT_SCI2_RXI2
 182 02a8 00000000 		.long	_INT_SCI2_TXI2
 183 02ac 00000000 		.long	_INT_SCI2_TEI2
 184 02b0 00000000 		.long	_INT_SCI3_ERI3
 185 02b4 00000000 		.long	_INT_SCI3_RXI3
 186 02b8 00000000 		.long	_INT_SCI3_TXI3
 187 02bc 00000000 		.long	_INT_SCI3_TEI3
 188 02c0 00000000 		.long	_INT_SCI4_ERI4
 189 02c4 00000000 		.long	_INT_SCI4_RXI4
 190 02c8 00000000 		.long	_INT_SCI4_TXI4
 191 02cc 00000000 		.long	_INT_SCI4_TEI4
 192 02d0 00000000 		.long	_INT_MMT_TGIM
 193 02d4 00000000 		.long	_INT_MMT_TGIN
 194 02d8 00000000 		.long	0
 195 02dc 00000000 		.long	0
 196 02e0 00000000 		.long	_INT_ADI2
 197 02e4 00000000 		.long	0
 198 02e8 00000000 		.long	0
 199 02ec 00000000 		.long	0
 200 02f0 00000000 		.long	0
 201 02f4 00000000 		.long	0
 202 02f8 00000000 		.long	0
 203 02fc 00000000 		.long	0
 204 0300 00000000 		.long	0
 205 0304 00000000 		.long	0
 206 0308 00000000 		.long	0
 207 030c 00000000 		.long	0
 208 0310 00000000 		.long	0
 209 0314 00000000 		.long	0
 210 0318 00000000 		.long	0
 211 031c 00000000 		.long	0
 212 0320 00000000 		.long	_INT_MMTOEI
 213 0324 00000000 		.long	0
 214 0328 00000000 		.long	0
 215 032c 00000000 		.long	0
 216 0330 00000000 		.long	0
 217 0334 00000000 		.long	0
 218 0338 00000000 		.long	0
 219 033c 00000000 		.long	0
 220 0340 00000000 		.long	_INT_HCAN2_ERS1
 221 0344 00000000 		.long	_INT_HCAN2_OVR1
 222 0348 00000000 		.long	_INT_HCAN2_RM1
 223 034c 00000000 		.long	_INT_HCAN2_SLE1
 224 0350 00000000 		.long	0
 225 0354 00000000 		.long	0
 226 0358 00000000 		.long	0
 227 035c 00000000 		.long	0
 228 0360 00000000 		.long	0
 229 0364 00000000 		.long	0
 230 0368 00000000 		.long	0
 231 036c 00000000 		.long	0
 232 0370 00000000 		.long	0
 233 0374 00000000 		.long	0
 234 0378 00000000 		.long	0
 235 037c 00000000 		.long	0
 236 0380 00000000 		.long	0
 237 0384 00000000 		.long	0
 238 0388 00000000 		.long	0
 239 038c 00000000 		.long	0
 240 0390 00000000 		.long	0
 241 0394 00000000 		.long	0
 242 0398 00000000 		.long	0
 243 039c 00000000 		.long	0
 244 03a0 00000000 		.long	0
 245 03a4 00000000 		.long	0
 246 03a8 00000000 		.long	0
 247 03ac 00000000 		.long	0
 248 03b0 00000000 		.long	0
 249 03b4 00000000 		.long	0
 250 03b8 00000000 		.long	0
 251 03bc 00000000 		.long	0
 252 03c0 00000000 		.long	0
 253 03c4 00000000 		.long	0
 254 03c8 00000000 		.long	0
 255 03cc 00000000 		.long	0
 256 03d0 00000000 		.long	0
 257 03d4 00000000 		.long	0
 258 03d8 00000000 		.long	0
 259 03dc 00000000 		.long	0
 260 03e0 00000000 		.long	0
 261 03e4 00000000 		.long	0
 262 03e8 00000000 		.long	0
 263 03ec 00000000 		.long	0
 264 03f0 00000000 		.long	0
 265 03f4 00000000 		.long	0
 266 03f8 00000000 		.long	0
 267 03fc 00000000 		.long	0
 268              		.text
 269              	.Letext0:
 270              		.file 1 "../src/vector_table.c"
