   1              		.file	"SH2Tiny_Sample1.c"
   2              		.text
   3              		.text
   4              	.Ltext0:
   5              		.cfi_sections	.debug_frame
   6              		.align 1
   7              		.align 4
   8              		.global	_test
  10              	_test:
  11              	.LFB0:
  12              		.file 1 "../src/SH2Tiny_Sample1.c"
   1:../src/SH2Tiny_Sample1.c **** /***********************************************************************/
   2:../src/SH2Tiny_Sample1.c **** /*  													               */
   3:../src/SH2Tiny_Sample1.c **** /*      PROJECT NAME :  SH2Tiny_Sample1EclipseV3                       */
   4:../src/SH2Tiny_Sample1.c **** /*      FILE         :  SH2Tiny_Sample1EclipseV3.c                     */
   5:../src/SH2Tiny_Sample1.c **** /*      DESCRIPTION  :  Main Program                                   */
   6:../src/SH2Tiny_Sample1.c **** /*      CPU SERIES   :  SH2                                            */
   7:../src/SH2Tiny_Sample1.c **** /*      CPU TYPE     :  SH7047                                         */
   8:../src/SH2Tiny_Sample1.c **** /*  													               */
   9:../src/SH2Tiny_Sample1.c **** /*      This file is generated by KPIT Eclipse.                        */
  10:../src/SH2Tiny_Sample1.c **** /*  													               */
  11:../src/SH2Tiny_Sample1.c **** /***********************************************************************/                          
  12:../src/SH2Tiny_Sample1.c **** 																							
  13:../src/SH2Tiny_Sample1.c **** 																							
  14:../src/SH2Tiny_Sample1.c **** #include "iodefine.h"
  15:../src/SH2Tiny_Sample1.c **** 
  16:../src/SH2Tiny_Sample1.c **** #ifdef CPPAPP
  17:../src/SH2Tiny_Sample1.c **** //Initialize global constructors
  18:../src/SH2Tiny_Sample1.c **** extern "C" void __main()
  19:../src/SH2Tiny_Sample1.c **** {
  20:../src/SH2Tiny_Sample1.c ****   static int initialized;
  21:../src/SH2Tiny_Sample1.c ****   if (! initialized)
  22:../src/SH2Tiny_Sample1.c ****     {
  23:../src/SH2Tiny_Sample1.c ****       typedef void (*pfunc) ();
  24:../src/SH2Tiny_Sample1.c ****       extern pfunc __ctors[];
  25:../src/SH2Tiny_Sample1.c ****       extern pfunc __ctors_end[];
  26:../src/SH2Tiny_Sample1.c ****       pfunc *p;
  27:../src/SH2Tiny_Sample1.c **** 
  28:../src/SH2Tiny_Sample1.c ****       initialized = 1;
  29:../src/SH2Tiny_Sample1.c ****       for (p = __ctors_end; p > __ctors; )
  30:../src/SH2Tiny_Sample1.c **** 	(*--p) ();
  31:../src/SH2Tiny_Sample1.c **** 
  32:../src/SH2Tiny_Sample1.c ****     }
  33:../src/SH2Tiny_Sample1.c **** }
  34:../src/SH2Tiny_Sample1.c **** #endif 
  35:../src/SH2Tiny_Sample1.c **** 
  36:../src/SH2Tiny_Sample1.c **** void test(int x)
  37:../src/SH2Tiny_Sample1.c **** {
  13              		.loc 1 37 0
  14              		.cfi_startproc
  15              	.LVL0:
  38:../src/SH2Tiny_Sample1.c **** 	int u;
  39:../src/SH2Tiny_Sample1.c **** 	u = x;
  40:../src/SH2Tiny_Sample1.c **** 	return;
  41:../src/SH2Tiny_Sample1.c **** }
  16              		.loc 1 41 0
  17 0000 000B     		rts	
  18 0002 0009     		nop
  19              		.cfi_endproc
  20              	.LFE0:
  22              		.section	.text.startup,"ax",@progbits
  23              		.align 1
  24              		.align 4
  25              		.global	_main
  27              	_main:
  28              	.LFB1:
  42:../src/SH2Tiny_Sample1.c **** 
  43:../src/SH2Tiny_Sample1.c **** int main(void)
  44:../src/SH2Tiny_Sample1.c **** {
  29              		.loc 1 44 0
  30              		.cfi_startproc
  31              	.LVL1:
  45:../src/SH2Tiny_Sample1.c **** 	   // TODO: add application code here
  46:../src/SH2Tiny_Sample1.c **** 
  47:../src/SH2Tiny_Sample1.c **** 
  48:../src/SH2Tiny_Sample1.c **** 		int ii = 0;
  49:../src/SH2Tiny_Sample1.c **** 		int jj = 0;
  50:../src/SH2Tiny_Sample1.c **** //		PE.DRH.BIT.B16 = 1;
  51:../src/SH2Tiny_Sample1.c **** //		PE.DRH.BIT.B17 = 1;
  52:../src/SH2Tiny_Sample1.c **** //		PE.DRH.BIT.B18 = 0;
  53:../src/SH2Tiny_Sample1.c **** //		PE.DRH.BIT.B19 = 0;
  54:../src/SH2Tiny_Sample1.c **** 		PE.DRH.BIT.B20 = 0;
  32              		.loc 1 54 0
  33 0000 9138     		mov.w	.L5,r1
  34 0002 E2EF     		mov	#-17,r2
  55:../src/SH2Tiny_Sample1.c **** 		PE.DRH.BIT.B21 = 1;
  56:../src/SH2Tiny_Sample1.c **** 
  57:../src/SH2Tiny_Sample1.c **** 		PD.DRL.WORD = 0xFFFF;
  58:../src/SH2Tiny_Sample1.c **** 		PD.DRL.BIT.B6 = 0;
  59:../src/SH2Tiny_Sample1.c **** //		PD.DRL.BIT.B7 = 1;
  60:../src/SH2Tiny_Sample1.c **** 
  61:../src/SH2Tiny_Sample1.c **** 		while (1) {
  62:../src/SH2Tiny_Sample1.c **** 
  63:../src/SH2Tiny_Sample1.c **** 			for(ii=0; ii<100000000; ii++)
  64:../src/SH2Tiny_Sample1.c **** 				{
  65:../src/SH2Tiny_Sample1.c **** 				for (jj=0; jj < 100000; jj++)
  66:../src/SH2Tiny_Sample1.c **** 					{}
  67:../src/SH2Tiny_Sample1.c **** 				}
  68:../src/SH2Tiny_Sample1.c **** 
  69:../src/SH2Tiny_Sample1.c **** 			PE.DRH.BIT.B21 = ~PE.DRH.BIT.B21 ;
  35              		.loc 1 69 0
  36 0004 E5DF     		mov	#-33,r5
  54:../src/SH2Tiny_Sample1.c **** 		PE.DRH.BIT.B20 = 0;
  37              		.loc 1 54 0
  38 0006 6310     		mov.b	@r1,r3
  70:../src/SH2Tiny_Sample1.c **** 	    	PE.DRH.BIT.B20 = ~PE.DRH.BIT.B20 ;
  39              		.loc 1 70 0
  40 0008 E6EF     		mov	#-17,r6
  54:../src/SH2Tiny_Sample1.c **** 		PE.DRH.BIT.B20 = 0;
  41              		.loc 1 54 0
  42 000a 2239     		and	r3,r2
  43 000c 2120     		mov.b	r2,@r1
  57:../src/SH2Tiny_Sample1.c **** 		PD.DRL.WORD = 0xFFFF;
  44              		.loc 1 57 0
  45 000e E3FF     		mov	#-1,r3
  55:../src/SH2Tiny_Sample1.c **** 		PE.DRH.BIT.B21 = 1;
  46              		.loc 1 55 0
  47 0010 6010     		mov.b	@r1,r0
  57:../src/SH2Tiny_Sample1.c **** 		PD.DRL.WORD = 0xFFFF;
  48              		.loc 1 57 0
  49 0012 9230     		mov.w	.L6,r2
  55:../src/SH2Tiny_Sample1.c **** 		PE.DRH.BIT.B21 = 1;
  50              		.loc 1 55 0
  51 0014 CB20     		or	#32,r0
  52 0016 2100     		mov.b	r0,@r1
  57:../src/SH2Tiny_Sample1.c **** 		PD.DRL.WORD = 0xFFFF;
  53              		.loc 1 57 0
  54 0018 2231     		mov.w	r3,@r2
  58:../src/SH2Tiny_Sample1.c **** 		PD.DRL.BIT.B6 = 0;
  55              		.loc 1 58 0
  56 001a E2BF     		mov	#-65,r2
  57 001c 932C     		mov.w	.L7,r3
  58 001e 6730     		mov.b	@r3,r7
  59 0020 2279     		and	r7,r2
  60 0022 2320     		mov.b	r2,@r3
  71:../src/SH2Tiny_Sample1.c **** 
  72:../src/SH2Tiny_Sample1.c **** 	    	PD.DRL.BIT.B6 = ~PD.DRL.BIT.B6;
  61              		.loc 1 72 0
  62 0024 E7BF     		mov	#-65,r7
  63 0026 0009     		.align 2
  64              	.L3:
  69:../src/SH2Tiny_Sample1.c **** 			PE.DRH.BIT.B21 = ~PE.DRH.BIT.B21 ;
  65              		.loc 1 69 0
  66 0028 6010     		mov.b	@r1,r0
  67 002a 4009     		shlr2	r0
  68 002c 4001     		shlr	r0
  69 002e 4009     		shlr2	r0
  70 0030 C901     		and	#1,r0
  71 0032 CA01     		xor	#1,r0
  72 0034 6210     		mov.b	@r1,r2
  73 0036 4008     		shll2	r0
  74 0038 300C     		add	r0,r0
  75 003a 4008     		shll2	r0
  76 003c 2259     		and	r5,r2
  77 003e 220B     		or	r0,r2
  78 0040 2120     		mov.b	r2,@r1
  70:../src/SH2Tiny_Sample1.c **** 	    	PE.DRH.BIT.B20 = ~PE.DRH.BIT.B20 ;
  79              		.loc 1 70 0
  80 0042 6010     		mov.b	@r1,r0
  81 0044 4009     		shlr2	r0
  82 0046 4009     		shlr2	r0
  83 0048 C901     		and	#1,r0
  84 004a 6210     		mov.b	@r1,r2
  85 004c CA01     		xor	#1,r0
  86 004e 4008     		shll2	r0
  87 0050 4008     		shll2	r0
  88 0052 2269     		and	r6,r2
  89 0054 220B     		or	r0,r2
  90 0056 2120     		mov.b	r2,@r1
  91              		.loc 1 72 0
  92 0058 6030     		mov.b	@r3,r0
  93 005a 4009     		shlr2	r0
  94 005c 4009     		shlr2	r0
  95 005e 4009     		shlr2	r0
  96 0060 C901     		and	#1,r0
  97 0062 6230     		mov.b	@r3,r2
  98 0064 CA01     		xor	#1,r0
  99 0066 4018     		shll8	r0
 100 0068 2279     		and	r7,r2
 101 006a 4009     		shlr2	r0
 102 006c 220B     		or	r0,r2
 103 006e 2320     		mov.b	r2,@r3
 104 0070 AFDA     		bra	.L3
 105 0072 0009     		nop
 106              		.align 1
 107              	.L5:
 108 0074 83BF     		.short	-31809
 109              	.L6:
 110 0076 83A2     		.short	-31838
 111              	.L7:
 112 0078 83A3     		.short	-31837
 113              		.cfi_endproc
 114              	.LFE1:
 116 007a 00090009 		.text
 116      0009
 117              	.Letext0:
 118              		.file 2 "../src/iodefine.h"
