   1              		.file	"interrupt_handlers.c"
   2              		.text
   3              		.text
   4              	.Ltext0:
   5              		.cfi_sections	.debug_frame
   6              		.align 1
   7              		.align 4
   8              		.global	_INT_Manual_Reset_PC
  10              	_INT_Manual_Reset_PC:
  11              	.LFB0:
  12              		.file 1 "../src/interrupt_handlers.c"
   1:../src/interrupt_handlers.c **** /***********************************************************************/
   2:../src/interrupt_handlers.c **** /*  													               */
   3:../src/interrupt_handlers.c **** /*      PROJECT NAME :  SH2Tiny_Sample1EclipseV3                       */
   4:../src/interrupt_handlers.c **** /*      FILE         :  interrupt_handlers.c                           */
   5:../src/interrupt_handlers.c **** /*      DESCRIPTION  :  Interrupt Handler                              */
   6:../src/interrupt_handlers.c **** /*      CPU SERIES   :  SH2                                            */
   7:../src/interrupt_handlers.c **** /*      CPU TYPE     :  SH7047                                         */
   8:../src/interrupt_handlers.c **** /*  													               */
   9:../src/interrupt_handlers.c **** /*      This file is generated by KPIT Eclipse.                        */
  10:../src/interrupt_handlers.c **** /*  													               */
  11:../src/interrupt_handlers.c **** /***********************************************************************/                          
  12:../src/interrupt_handlers.c **** 
  13:../src/interrupt_handlers.c **** 
  14:../src/interrupt_handlers.c **** 
  15:../src/interrupt_handlers.c **** 
  16:../src/interrupt_handlers.c **** #include "interrupt_handlers.h"
  17:../src/interrupt_handlers.c **** #include "iodefine.h"
  18:../src/interrupt_handlers.c **** #include "sci3.h"
  19:../src/interrupt_handlers.c **** 
  20:../src/interrupt_handlers.c **** // 2 Manual Reset PC
  21:../src/interrupt_handlers.c **** void INT_Manual_Reset_PC(void){  }
  13              		.loc 1 21 0
  14              		.cfi_startproc
  15              		.loc 1 21 0
  16 0000 002B     		rte	
  17 0002 0009     		nop
  18              		.cfi_endproc
  19              	.LFE0:
  21              		.align 1
  22 0004 00090009 		.align 4
  22      00090009 
  22      00090009 
  23              		.global	_INT_Manual_Reset_SP
  25              	_INT_Manual_Reset_SP:
  26              	.LFB1:
  22:../src/interrupt_handlers.c **** // 3 Manual Reset SP
  23:../src/interrupt_handlers.c **** void INT_Manual_Reset_SP(void){  }
  27              		.loc 1 23 0
  28              		.cfi_startproc
  29              		.loc 1 23 0
  30 0010 002B     		rte	
  31 0012 0009     		nop
  32              		.cfi_endproc
  33              	.LFE1:
  35              		.align 1
  36 0014 00090009 		.align 4
  36      00090009 
  36      00090009 
  37              		.global	_INT_Illegal_code
  39              	_INT_Illegal_code:
  40              	.LFB2:
  24:../src/interrupt_handlers.c **** 
  25:../src/interrupt_handlers.c **** // 4 Illegal code
  26:../src/interrupt_handlers.c **** void INT_Illegal_code(void){  }
  41              		.loc 1 26 0
  42              		.cfi_startproc
  43              		.loc 1 26 0
  44 0020 002B     		rte	
  45 0022 0009     		nop
  46              		.cfi_endproc
  47              	.LFE2:
  49              		.align 1
  50 0024 00090009 		.align 4
  50      00090009 
  50      00090009 
  51              		.global	_INT_Illegal_slot
  53              	_INT_Illegal_slot:
  54              	.LFB3:
  27:../src/interrupt_handlers.c **** // 5 Reserved
  28:../src/interrupt_handlers.c **** 
  29:../src/interrupt_handlers.c **** // 6 Illegal slot
  30:../src/interrupt_handlers.c **** void INT_Illegal_slot(void){  }
  55              		.loc 1 30 0
  56              		.cfi_startproc
  57              		.loc 1 30 0
  58 0030 002B     		rte	
  59 0032 0009     		nop
  60              		.cfi_endproc
  61              	.LFE3:
  63              		.align 1
  64 0034 00090009 		.align 4
  64      00090009 
  64      00090009 
  65              		.global	_INT_CPU_Address
  67              	_INT_CPU_Address:
  68              	.LFB4:
  31:../src/interrupt_handlers.c **** // 7 Reserved
  32:../src/interrupt_handlers.c **** 
  33:../src/interrupt_handlers.c **** // 8 Reserved
  34:../src/interrupt_handlers.c **** 
  35:../src/interrupt_handlers.c **** // 9 CPU Address error
  36:../src/interrupt_handlers.c **** void INT_CPU_Address(void){  }
  69              		.loc 1 36 0
  70              		.cfi_startproc
  71              		.loc 1 36 0
  72 0040 002B     		rte	
  73 0042 0009     		nop
  74              		.cfi_endproc
  75              	.LFE4:
  77              		.align 1
  78 0044 00090009 		.align 4
  78      00090009 
  78      00090009 
  79              		.global	_INT_DTC_Address
  81              	_INT_DTC_Address:
  82              	.LFB5:
  37:../src/interrupt_handlers.c **** // 10 DTC Address error
  38:../src/interrupt_handlers.c **** void INT_DTC_Address(void){  }
  83              		.loc 1 38 0
  84              		.cfi_startproc
  85              		.loc 1 38 0
  86 0050 002B     		rte	
  87 0052 0009     		nop
  88              		.cfi_endproc
  89              	.LFE5:
  91              		.align 1
  92 0054 00090009 		.align 4
  92      00090009 
  92      00090009 
  93              		.global	_INT_NMI
  95              	_INT_NMI:
  96              	.LFB6:
  39:../src/interrupt_handlers.c **** // 11 NMI
  40:../src/interrupt_handlers.c **** void INT_NMI(void){  }
  97              		.loc 1 40 0
  98              		.cfi_startproc
  99              		.loc 1 40 0
 100 0060 002B     		rte	
 101 0062 0009     		nop
 102              		.cfi_endproc
 103              	.LFE6:
 105              		.align 1
 106 0064 00090009 		.align 4
 106      00090009 
 106      00090009 
 107              		.global	_INT_User_Break
 109              	_INT_User_Break:
 110              	.LFB7:
  41:../src/interrupt_handlers.c **** // 12 User breakpoint trap
  42:../src/interrupt_handlers.c **** void INT_User_Break(void){  }
 111              		.loc 1 42 0
 112              		.cfi_startproc
 113              		.loc 1 42 0
 114 0070 002B     		rte	
 115 0072 0009     		nop
 116              		.cfi_endproc
 117              	.LFE7:
 119              		.align 1
 120 0074 00090009 		.align 4
 120      00090009 
 120      00090009 
 121              		.global	_INT_H_UDI
 123              	_INT_H_UDI:
 124              	.LFB8:
  43:../src/interrupt_handlers.c **** // 13 Reserved
  44:../src/interrupt_handlers.c **** 
  45:../src/interrupt_handlers.c **** // 14 H-UDI
  46:../src/interrupt_handlers.c **** void INT_H_UDI(void){  }
 125              		.loc 1 46 0
 126              		.cfi_startproc
 127              		.loc 1 46 0
 128 0080 002B     		rte	
 129 0082 0009     		nop
 130              		.cfi_endproc
 131              	.LFE8:
 133              		.align 1
 134 0084 00090009 		.align 4
 134      00090009 
 134      00090009 
 135              		.global	_INT_TRAPA32
 137              	_INT_TRAPA32:
 138              	.LFB9:
  47:../src/interrupt_handlers.c **** // 15 Reserved
  48:../src/interrupt_handlers.c **** 
  49:../src/interrupt_handlers.c **** // 16 Reserved
  50:../src/interrupt_handlers.c **** 
  51:../src/interrupt_handlers.c **** // 17 Reserved
  52:../src/interrupt_handlers.c **** 
  53:../src/interrupt_handlers.c **** // 18 Reserved
  54:../src/interrupt_handlers.c **** 
  55:../src/interrupt_handlers.c **** // 19 Reserved
  56:../src/interrupt_handlers.c **** 
  57:../src/interrupt_handlers.c **** // 20 Reserved
  58:../src/interrupt_handlers.c **** 
  59:../src/interrupt_handlers.c **** // 21 Reserved
  60:../src/interrupt_handlers.c **** 
  61:../src/interrupt_handlers.c **** // 22 Reserved
  62:../src/interrupt_handlers.c **** 
  63:../src/interrupt_handlers.c **** // 23 Reserved
  64:../src/interrupt_handlers.c **** 
  65:../src/interrupt_handlers.c **** // 24 Reserved
  66:../src/interrupt_handlers.c **** 
  67:../src/interrupt_handlers.c **** // 25 Reserved
  68:../src/interrupt_handlers.c **** 
  69:../src/interrupt_handlers.c **** // 26 Reserved
  70:../src/interrupt_handlers.c **** 
  71:../src/interrupt_handlers.c **** // 27 Reserved
  72:../src/interrupt_handlers.c **** 
  73:../src/interrupt_handlers.c **** // 28 Reserved
  74:../src/interrupt_handlers.c **** 
  75:../src/interrupt_handlers.c **** // 29 Reserved
  76:../src/interrupt_handlers.c **** 
  77:../src/interrupt_handlers.c **** // 30 Reserved
  78:../src/interrupt_handlers.c **** 
  79:../src/interrupt_handlers.c **** // 31 Reserved
  80:../src/interrupt_handlers.c **** 
  81:../src/interrupt_handlers.c **** // 32 TRAPA (User Vecter)
  82:../src/interrupt_handlers.c **** void INT_TRAPA32(void){  }
 139              		.loc 1 82 0
 140              		.cfi_startproc
 141              		.loc 1 82 0
 142 0090 002B     		rte	
 143 0092 0009     		nop
 144              		.cfi_endproc
 145              	.LFE9:
 147              		.align 1
 148 0094 00090009 		.align 4
 148      00090009 
 148      00090009 
 149              		.global	_INT_TRAPA33
 151              	_INT_TRAPA33:
 152              	.LFB10:
  83:../src/interrupt_handlers.c **** // 33 TRAPA (User Vecter)
  84:../src/interrupt_handlers.c **** void INT_TRAPA33(void){  }
 153              		.loc 1 84 0
 154              		.cfi_startproc
 155              		.loc 1 84 0
 156 00a0 002B     		rte	
 157 00a2 0009     		nop
 158              		.cfi_endproc
 159              	.LFE10:
 161              		.align 1
 162 00a4 00090009 		.align 4
 162      00090009 
 162      00090009 
 163              		.global	_INT_TRAPA34
 165              	_INT_TRAPA34:
 166              	.LFB11:
  85:../src/interrupt_handlers.c **** // 34 TRAPA (User Vecter)
  86:../src/interrupt_handlers.c **** void INT_TRAPA34(void){  }
 167              		.loc 1 86 0
 168              		.cfi_startproc
 169              		.loc 1 86 0
 170 00b0 002B     		rte	
 171 00b2 0009     		nop
 172              		.cfi_endproc
 173              	.LFE11:
 175              		.align 1
 176 00b4 00090009 		.align 4
 176      00090009 
 176      00090009 
 177              		.global	_INT_TRAPA35
 179              	_INT_TRAPA35:
 180              	.LFB12:
  87:../src/interrupt_handlers.c **** // 35 TRAPA (User Vecter)
  88:../src/interrupt_handlers.c **** void INT_TRAPA35(void){  }
 181              		.loc 1 88 0
 182              		.cfi_startproc
 183              		.loc 1 88 0
 184 00c0 002B     		rte	
 185 00c2 0009     		nop
 186              		.cfi_endproc
 187              	.LFE12:
 189              		.align 1
 190 00c4 00090009 		.align 4
 190      00090009 
 190      00090009 
 191              		.global	_INT_TRAPA36
 193              	_INT_TRAPA36:
 194              	.LFB13:
  89:../src/interrupt_handlers.c **** // 36 TRAPA (User Vecter)
  90:../src/interrupt_handlers.c **** void INT_TRAPA36(void){  }
 195              		.loc 1 90 0
 196              		.cfi_startproc
 197              		.loc 1 90 0
 198 00d0 002B     		rte	
 199 00d2 0009     		nop
 200              		.cfi_endproc
 201              	.LFE13:
 203              		.align 1
 204 00d4 00090009 		.align 4
 204      00090009 
 204      00090009 
 205              		.global	_INT_TRAPA37
 207              	_INT_TRAPA37:
 208              	.LFB14:
  91:../src/interrupt_handlers.c **** // 37 TRAPA (User Vecter)
  92:../src/interrupt_handlers.c **** void INT_TRAPA37(void){  }
 209              		.loc 1 92 0
 210              		.cfi_startproc
 211              		.loc 1 92 0
 212 00e0 002B     		rte	
 213 00e2 0009     		nop
 214              		.cfi_endproc
 215              	.LFE14:
 217              		.align 1
 218 00e4 00090009 		.align 4
 218      00090009 
 218      00090009 
 219              		.global	_INT_TRAPA38
 221              	_INT_TRAPA38:
 222              	.LFB15:
  93:../src/interrupt_handlers.c **** // 38 TRAPA (User Vecter)
  94:../src/interrupt_handlers.c **** void INT_TRAPA38(void){  }
 223              		.loc 1 94 0
 224              		.cfi_startproc
 225              		.loc 1 94 0
 226 00f0 002B     		rte	
 227 00f2 0009     		nop
 228              		.cfi_endproc
 229              	.LFE15:
 231              		.align 1
 232 00f4 00090009 		.align 4
 232      00090009 
 232      00090009 
 233              		.global	_INT_TRAPA39
 235              	_INT_TRAPA39:
 236              	.LFB16:
  95:../src/interrupt_handlers.c **** // 39 TRAPA (User Vecter)
  96:../src/interrupt_handlers.c **** void INT_TRAPA39(void){  }
 237              		.loc 1 96 0
 238              		.cfi_startproc
 239              		.loc 1 96 0
 240 0100 002B     		rte	
 241 0102 0009     		nop
 242              		.cfi_endproc
 243              	.LFE16:
 245              		.align 1
 246 0104 00090009 		.align 4
 246      00090009 
 246      00090009 
 247              		.global	_INT_TRAPA40
 249              	_INT_TRAPA40:
 250              	.LFB17:
  97:../src/interrupt_handlers.c **** // 40 TRAPA (User Vecter)
  98:../src/interrupt_handlers.c **** void INT_TRAPA40(void){  }
 251              		.loc 1 98 0
 252              		.cfi_startproc
 253              		.loc 1 98 0
 254 0110 002B     		rte	
 255 0112 0009     		nop
 256              		.cfi_endproc
 257              	.LFE17:
 259              		.align 1
 260 0114 00090009 		.align 4
 260      00090009 
 260      00090009 
 261              		.global	_INT_TRAPA41
 263              	_INT_TRAPA41:
 264              	.LFB18:
  99:../src/interrupt_handlers.c **** // 41 TRAPA (User Vecter)
 100:../src/interrupt_handlers.c **** void INT_TRAPA41(void){  }
 265              		.loc 1 100 0
 266              		.cfi_startproc
 267              		.loc 1 100 0
 268 0120 002B     		rte	
 269 0122 0009     		nop
 270              		.cfi_endproc
 271              	.LFE18:
 273              		.align 1
 274 0124 00090009 		.align 4
 274      00090009 
 274      00090009 
 275              		.global	_INT_TRAPA42
 277              	_INT_TRAPA42:
 278              	.LFB19:
 101:../src/interrupt_handlers.c **** // 42 TRAPA (User Vecter)
 102:../src/interrupt_handlers.c **** void INT_TRAPA42(void){  }
 279              		.loc 1 102 0
 280              		.cfi_startproc
 281              		.loc 1 102 0
 282 0130 002B     		rte	
 283 0132 0009     		nop
 284              		.cfi_endproc
 285              	.LFE19:
 287              		.align 1
 288 0134 00090009 		.align 4
 288      00090009 
 288      00090009 
 289              		.global	_INT_TRAPA43
 291              	_INT_TRAPA43:
 292              	.LFB20:
 103:../src/interrupt_handlers.c **** // 43 TRAPA (User Vecter)
 104:../src/interrupt_handlers.c **** void INT_TRAPA43(void){  }
 293              		.loc 1 104 0
 294              		.cfi_startproc
 295              		.loc 1 104 0
 296 0140 002B     		rte	
 297 0142 0009     		nop
 298              		.cfi_endproc
 299              	.LFE20:
 301              		.align 1
 302 0144 00090009 		.align 4
 302      00090009 
 302      00090009 
 303              		.global	_INT_TRAPA44
 305              	_INT_TRAPA44:
 306              	.LFB21:
 105:../src/interrupt_handlers.c **** // 44 TRAPA (User Vecter)
 106:../src/interrupt_handlers.c **** void INT_TRAPA44(void){  }
 307              		.loc 1 106 0
 308              		.cfi_startproc
 309              		.loc 1 106 0
 310 0150 002B     		rte	
 311 0152 0009     		nop
 312              		.cfi_endproc
 313              	.LFE21:
 315              		.align 1
 316 0154 00090009 		.align 4
 316      00090009 
 316      00090009 
 317              		.global	_INT_TRAPA45
 319              	_INT_TRAPA45:
 320              	.LFB22:
 107:../src/interrupt_handlers.c **** // 45 TRAPA (User Vecter)
 108:../src/interrupt_handlers.c **** void INT_TRAPA45(void){  }
 321              		.loc 1 108 0
 322              		.cfi_startproc
 323              		.loc 1 108 0
 324 0160 002B     		rte	
 325 0162 0009     		nop
 326              		.cfi_endproc
 327              	.LFE22:
 329              		.align 1
 330 0164 00090009 		.align 4
 330      00090009 
 330      00090009 
 331              		.global	_INT_TRAPA46
 333              	_INT_TRAPA46:
 334              	.LFB23:
 109:../src/interrupt_handlers.c **** // 46 TRAPA (User Vecter)
 110:../src/interrupt_handlers.c **** void INT_TRAPA46(void){  }
 335              		.loc 1 110 0
 336              		.cfi_startproc
 337              		.loc 1 110 0
 338 0170 002B     		rte	
 339 0172 0009     		nop
 340              		.cfi_endproc
 341              	.LFE23:
 343              		.align 1
 344 0174 00090009 		.align 4
 344      00090009 
 344      00090009 
 345              		.global	_INT_TRAPA47
 347              	_INT_TRAPA47:
 348              	.LFB24:
 111:../src/interrupt_handlers.c **** // 47 TRAPA (User Vecter)
 112:../src/interrupt_handlers.c **** void INT_TRAPA47(void){  }
 349              		.loc 1 112 0
 350              		.cfi_startproc
 351              		.loc 1 112 0
 352 0180 002B     		rte	
 353 0182 0009     		nop
 354              		.cfi_endproc
 355              	.LFE24:
 357              		.align 1
 358 0184 00090009 		.align 4
 358      00090009 
 358      00090009 
 359              		.global	_INT_TRAPA48
 361              	_INT_TRAPA48:
 362              	.LFB25:
 113:../src/interrupt_handlers.c **** // 48 TRAPA (User Vecter)
 114:../src/interrupt_handlers.c **** void INT_TRAPA48(void){  }
 363              		.loc 1 114 0
 364              		.cfi_startproc
 365              		.loc 1 114 0
 366 0190 002B     		rte	
 367 0192 0009     		nop
 368              		.cfi_endproc
 369              	.LFE25:
 371              		.align 1
 372 0194 00090009 		.align 4
 372      00090009 
 372      00090009 
 373              		.global	_INT_TRAPA49
 375              	_INT_TRAPA49:
 376              	.LFB26:
 115:../src/interrupt_handlers.c **** // 49 TRAPA (User Vecter)
 116:../src/interrupt_handlers.c **** void INT_TRAPA49(void){  }
 377              		.loc 1 116 0
 378              		.cfi_startproc
 379              		.loc 1 116 0
 380 01a0 002B     		rte	
 381 01a2 0009     		nop
 382              		.cfi_endproc
 383              	.LFE26:
 385              		.align 1
 386 01a4 00090009 		.align 4
 386      00090009 
 386      00090009 
 387              		.global	_INT_TRAPA50
 389              	_INT_TRAPA50:
 390              	.LFB27:
 117:../src/interrupt_handlers.c **** // 50 TRAPA (User Vecter)
 118:../src/interrupt_handlers.c **** void INT_TRAPA50(void){  }
 391              		.loc 1 118 0
 392              		.cfi_startproc
 393              		.loc 1 118 0
 394 01b0 002B     		rte	
 395 01b2 0009     		nop
 396              		.cfi_endproc
 397              	.LFE27:
 399              		.align 1
 400 01b4 00090009 		.align 4
 400      00090009 
 400      00090009 
 401              		.global	_INT_TRAPA51
 403              	_INT_TRAPA51:
 404              	.LFB28:
 119:../src/interrupt_handlers.c **** // 51 TRAPA (User Vecter)
 120:../src/interrupt_handlers.c **** void INT_TRAPA51(void){  }
 405              		.loc 1 120 0
 406              		.cfi_startproc
 407              		.loc 1 120 0
 408 01c0 002B     		rte	
 409 01c2 0009     		nop
 410              		.cfi_endproc
 411              	.LFE28:
 413              		.align 1
 414 01c4 00090009 		.align 4
 414      00090009 
 414      00090009 
 415              		.global	_INT_TRAPA52
 417              	_INT_TRAPA52:
 418              	.LFB29:
 121:../src/interrupt_handlers.c **** // 52 TRAPA (User Vecter)
 122:../src/interrupt_handlers.c **** void INT_TRAPA52(void){  }
 419              		.loc 1 122 0
 420              		.cfi_startproc
 421              		.loc 1 122 0
 422 01d0 002B     		rte	
 423 01d2 0009     		nop
 424              		.cfi_endproc
 425              	.LFE29:
 427              		.align 1
 428 01d4 00090009 		.align 4
 428      00090009 
 428      00090009 
 429              		.global	_INT_TRAPA53
 431              	_INT_TRAPA53:
 432              	.LFB30:
 123:../src/interrupt_handlers.c **** // 53 TRAPA (User Vecter)
 124:../src/interrupt_handlers.c **** void INT_TRAPA53(void){  }
 433              		.loc 1 124 0
 434              		.cfi_startproc
 435              		.loc 1 124 0
 436 01e0 002B     		rte	
 437 01e2 0009     		nop
 438              		.cfi_endproc
 439              	.LFE30:
 441              		.align 1
 442 01e4 00090009 		.align 4
 442      00090009 
 442      00090009 
 443              		.global	_INT_TRAPA54
 445              	_INT_TRAPA54:
 446              	.LFB31:
 125:../src/interrupt_handlers.c **** // 54 TRAPA (User Vecter)
 126:../src/interrupt_handlers.c **** void INT_TRAPA54(void){  }
 447              		.loc 1 126 0
 448              		.cfi_startproc
 449              		.loc 1 126 0
 450 01f0 002B     		rte	
 451 01f2 0009     		nop
 452              		.cfi_endproc
 453              	.LFE31:
 455              		.align 1
 456 01f4 00090009 		.align 4
 456      00090009 
 456      00090009 
 457              		.global	_INT_TRAPA55
 459              	_INT_TRAPA55:
 460              	.LFB32:
 127:../src/interrupt_handlers.c **** // 55 TRAPA (User Vecter)
 128:../src/interrupt_handlers.c **** void INT_TRAPA55(void){  }
 461              		.loc 1 128 0
 462              		.cfi_startproc
 463              		.loc 1 128 0
 464 0200 002B     		rte	
 465 0202 0009     		nop
 466              		.cfi_endproc
 467              	.LFE32:
 469              		.align 1
 470 0204 00090009 		.align 4
 470      00090009 
 470      00090009 
 471              		.global	_INT_TRAPA56
 473              	_INT_TRAPA56:
 474              	.LFB33:
 129:../src/interrupt_handlers.c **** // 56 TRAPA (User Vecter)
 130:../src/interrupt_handlers.c **** void INT_TRAPA56(void){  }
 475              		.loc 1 130 0
 476              		.cfi_startproc
 477              		.loc 1 130 0
 478 0210 002B     		rte	
 479 0212 0009     		nop
 480              		.cfi_endproc
 481              	.LFE33:
 483              		.align 1
 484 0214 00090009 		.align 4
 484      00090009 
 484      00090009 
 485              		.global	_INT_TRAPA57
 487              	_INT_TRAPA57:
 488              	.LFB34:
 131:../src/interrupt_handlers.c **** // 57 TRAPA (User Vecter)
 132:../src/interrupt_handlers.c **** void INT_TRAPA57(void){  }
 489              		.loc 1 132 0
 490              		.cfi_startproc
 491              		.loc 1 132 0
 492 0220 002B     		rte	
 493 0222 0009     		nop
 494              		.cfi_endproc
 495              	.LFE34:
 497              		.align 1
 498 0224 00090009 		.align 4
 498      00090009 
 498      00090009 
 499              		.global	_INT_TRAPA58
 501              	_INT_TRAPA58:
 502              	.LFB35:
 133:../src/interrupt_handlers.c **** // 58 TRAPA (User Vecter)
 134:../src/interrupt_handlers.c **** void INT_TRAPA58(void){  }
 503              		.loc 1 134 0
 504              		.cfi_startproc
 505              		.loc 1 134 0
 506 0230 002B     		rte	
 507 0232 0009     		nop
 508              		.cfi_endproc
 509              	.LFE35:
 511              		.align 1
 512 0234 00090009 		.align 4
 512      00090009 
 512      00090009 
 513              		.global	_INT_TRAPA59
 515              	_INT_TRAPA59:
 516              	.LFB36:
 135:../src/interrupt_handlers.c **** // 59 TRAPA (User Vecter)
 136:../src/interrupt_handlers.c **** void INT_TRAPA59(void){  }
 517              		.loc 1 136 0
 518              		.cfi_startproc
 519              		.loc 1 136 0
 520 0240 002B     		rte	
 521 0242 0009     		nop
 522              		.cfi_endproc
 523              	.LFE36:
 525              		.align 1
 526 0244 00090009 		.align 4
 526      00090009 
 526      00090009 
 527              		.global	_INT_TRAPA60
 529              	_INT_TRAPA60:
 530              	.LFB37:
 137:../src/interrupt_handlers.c **** // 60 TRAPA (User Vecter)
 138:../src/interrupt_handlers.c **** void INT_TRAPA60(void){  }
 531              		.loc 1 138 0
 532              		.cfi_startproc
 533              		.loc 1 138 0
 534 0250 002B     		rte	
 535 0252 0009     		nop
 536              		.cfi_endproc
 537              	.LFE37:
 539              		.align 1
 540 0254 00090009 		.align 4
 540      00090009 
 540      00090009 
 541              		.global	_INT_TRAPA61
 543              	_INT_TRAPA61:
 544              	.LFB38:
 139:../src/interrupt_handlers.c **** // 61 TRAPA (User Vecter)
 140:../src/interrupt_handlers.c **** void INT_TRAPA61(void){  }
 545              		.loc 1 140 0
 546              		.cfi_startproc
 547              		.loc 1 140 0
 548 0260 002B     		rte	
 549 0262 0009     		nop
 550              		.cfi_endproc
 551              	.LFE38:
 553              		.align 1
 554 0264 00090009 		.align 4
 554      00090009 
 554      00090009 
 555              		.global	_INT_TRAPA62
 557              	_INT_TRAPA62:
 558              	.LFB39:
 141:../src/interrupt_handlers.c **** // 62 TRAPA (User Vecter)
 142:../src/interrupt_handlers.c **** void INT_TRAPA62(void){  }
 559              		.loc 1 142 0
 560              		.cfi_startproc
 561              		.loc 1 142 0
 562 0270 002B     		rte	
 563 0272 0009     		nop
 564              		.cfi_endproc
 565              	.LFE39:
 567              		.align 1
 568 0274 00090009 		.align 4
 568      00090009 
 568      00090009 
 569              		.global	_INT_TRAPA63
 571              	_INT_TRAPA63:
 572              	.LFB40:
 143:../src/interrupt_handlers.c **** // 63 TRAPA (User Vecter)
 144:../src/interrupt_handlers.c **** void INT_TRAPA63(void){  }
 573              		.loc 1 144 0
 574              		.cfi_startproc
 575              		.loc 1 144 0
 576 0280 002B     		rte	
 577 0282 0009     		nop
 578              		.cfi_endproc
 579              	.LFE40:
 581              		.align 1
 582 0284 00090009 		.align 4
 582      00090009 
 582      00090009 
 583              		.global	_INT_IRQ0
 585              	_INT_IRQ0:
 586              	.LFB41:
 145:../src/interrupt_handlers.c **** // 64 Interrupt IRQ0
 146:../src/interrupt_handlers.c **** void INT_IRQ0(void){  }
 587              		.loc 1 146 0
 588              		.cfi_startproc
 589              		.loc 1 146 0
 590 0290 002B     		rte	
 591 0292 0009     		nop
 592              		.cfi_endproc
 593              	.LFE41:
 595              		.align 1
 596 0294 00090009 		.align 4
 596      00090009 
 596      00090009 
 597              		.global	_INT_IRQ1
 599              	_INT_IRQ1:
 600              	.LFB42:
 147:../src/interrupt_handlers.c **** // 65 Interrupt IRQ1
 148:../src/interrupt_handlers.c **** void INT_IRQ1(void){  }
 601              		.loc 1 148 0
 602              		.cfi_startproc
 603              		.loc 1 148 0
 604 02a0 002B     		rte	
 605 02a2 0009     		nop
 606              		.cfi_endproc
 607              	.LFE42:
 609              		.align 1
 610 02a4 00090009 		.align 4
 610      00090009 
 610      00090009 
 611              		.global	_INT_IRQ2
 613              	_INT_IRQ2:
 614              	.LFB43:
 149:../src/interrupt_handlers.c **** // 66 Interrupt IRQ2
 150:../src/interrupt_handlers.c **** void INT_IRQ2(void){  }
 615              		.loc 1 150 0
 616              		.cfi_startproc
 617              		.loc 1 150 0
 618 02b0 002B     		rte	
 619 02b2 0009     		nop
 620              		.cfi_endproc
 621              	.LFE43:
 623              		.align 1
 624 02b4 00090009 		.align 4
 624      00090009 
 624      00090009 
 625              		.global	_INT_IRQ3
 627              	_INT_IRQ3:
 628              	.LFB44:
 151:../src/interrupt_handlers.c **** // 67 Interrupt IRQ3
 152:../src/interrupt_handlers.c **** void INT_IRQ3(void){  }
 629              		.loc 1 152 0
 630              		.cfi_startproc
 631              		.loc 1 152 0
 632 02c0 002B     		rte	
 633 02c2 0009     		nop
 634              		.cfi_endproc
 635              	.LFE44:
 637              		.align 1
 638 02c4 00090009 		.align 4
 638      00090009 
 638      00090009 
 639              		.global	_INT_MTU0_TGIA0
 641              	_INT_MTU0_TGIA0:
 642              	.LFB45:
 153:../src/interrupt_handlers.c **** // 68 Reserved
 154:../src/interrupt_handlers.c **** 
 155:../src/interrupt_handlers.c **** // 69 Reserved
 156:../src/interrupt_handlers.c **** 
 157:../src/interrupt_handlers.c **** // 70 Reserved
 158:../src/interrupt_handlers.c **** 
 159:../src/interrupt_handlers.c **** // 71 Reserved
 160:../src/interrupt_handlers.c **** 
 161:../src/interrupt_handlers.c **** // 72 Reserved
 162:../src/interrupt_handlers.c **** 
 163:../src/interrupt_handlers.c **** // 73 Reserved
 164:../src/interrupt_handlers.c **** 
 165:../src/interrupt_handlers.c **** // 74 Reserved
 166:../src/interrupt_handlers.c **** 
 167:../src/interrupt_handlers.c **** // 75 Reserved
 168:../src/interrupt_handlers.c **** 
 169:../src/interrupt_handlers.c **** // 76 Reserved
 170:../src/interrupt_handlers.c **** 
 171:../src/interrupt_handlers.c **** // 77 Reserved
 172:../src/interrupt_handlers.c **** 
 173:../src/interrupt_handlers.c **** // 78 Reserved
 174:../src/interrupt_handlers.c **** 
 175:../src/interrupt_handlers.c **** // 79 Reserved
 176:../src/interrupt_handlers.c **** 
 177:../src/interrupt_handlers.c **** // 80 Reserved
 178:../src/interrupt_handlers.c **** 
 179:../src/interrupt_handlers.c **** // 81 Reserved
 180:../src/interrupt_handlers.c **** 
 181:../src/interrupt_handlers.c **** // 82 Reserved
 182:../src/interrupt_handlers.c **** 
 183:../src/interrupt_handlers.c **** // 83 Reserved
 184:../src/interrupt_handlers.c **** 
 185:../src/interrupt_handlers.c **** // 84 Reserved
 186:../src/interrupt_handlers.c **** 
 187:../src/interrupt_handlers.c **** // 85 Reserved
 188:../src/interrupt_handlers.c **** 
 189:../src/interrupt_handlers.c **** // 86 Reserved
 190:../src/interrupt_handlers.c **** 
 191:../src/interrupt_handlers.c **** // 87 Reserved
 192:../src/interrupt_handlers.c **** 
 193:../src/interrupt_handlers.c **** // 88 MTU0 TGIA0
 194:../src/interrupt_handlers.c **** void INT_MTU0_TGIA0(void){  }
 643              		.loc 1 194 0
 644              		.cfi_startproc
 645              		.loc 1 194 0
 646 02d0 002B     		rte	
 647 02d2 0009     		nop
 648              		.cfi_endproc
 649              	.LFE45:
 651              		.align 1
 652 02d4 00090009 		.align 4
 652      00090009 
 652      00090009 
 653              		.global	_INT_MTU0_TGIB0
 655              	_INT_MTU0_TGIB0:
 656              	.LFB46:
 195:../src/interrupt_handlers.c **** // 89 MTU0 TGIB0
 196:../src/interrupt_handlers.c **** void INT_MTU0_TGIB0(void){  }
 657              		.loc 1 196 0
 658              		.cfi_startproc
 659              		.loc 1 196 0
 660 02e0 002B     		rte	
 661 02e2 0009     		nop
 662              		.cfi_endproc
 663              	.LFE46:
 665              		.align 1
 666 02e4 00090009 		.align 4
 666      00090009 
 666      00090009 
 667              		.global	_INT_MTU0_TGIC0
 669              	_INT_MTU0_TGIC0:
 670              	.LFB47:
 197:../src/interrupt_handlers.c **** // 90 MTU0 TGIC0
 198:../src/interrupt_handlers.c **** void INT_MTU0_TGIC0(void){  }
 671              		.loc 1 198 0
 672              		.cfi_startproc
 673              		.loc 1 198 0
 674 02f0 002B     		rte	
 675 02f2 0009     		nop
 676              		.cfi_endproc
 677              	.LFE47:
 679              		.align 1
 680 02f4 00090009 		.align 4
 680      00090009 
 680      00090009 
 681              		.global	_INT_MTU0_TGID0
 683              	_INT_MTU0_TGID0:
 684              	.LFB48:
 199:../src/interrupt_handlers.c **** // 91 MTU0 TGID0
 200:../src/interrupt_handlers.c **** void INT_MTU0_TGID0(void){  }
 685              		.loc 1 200 0
 686              		.cfi_startproc
 687              		.loc 1 200 0
 688 0300 002B     		rte	
 689 0302 0009     		nop
 690              		.cfi_endproc
 691              	.LFE48:
 693              		.align 1
 694 0304 00090009 		.align 4
 694      00090009 
 694      00090009 
 695              		.global	_INT_MTU0_TCIV0
 697              	_INT_MTU0_TCIV0:
 698              	.LFB49:
 201:../src/interrupt_handlers.c **** // 92 MTU0 TCIV0
 202:../src/interrupt_handlers.c **** void INT_MTU0_TCIV0(void){  }
 699              		.loc 1 202 0
 700              		.cfi_startproc
 701              		.loc 1 202 0
 702 0310 002B     		rte	
 703 0312 0009     		nop
 704              		.cfi_endproc
 705              	.LFE49:
 707              		.align 1
 708 0314 00090009 		.align 4
 708      00090009 
 708      00090009 
 709              		.global	_INT_MTU1_TGIA1
 711              	_INT_MTU1_TGIA1:
 712              	.LFB50:
 203:../src/interrupt_handlers.c **** // 93 Reserved
 204:../src/interrupt_handlers.c **** 
 205:../src/interrupt_handlers.c **** // 94 Reserved
 206:../src/interrupt_handlers.c **** 
 207:../src/interrupt_handlers.c **** // 95 Reserved
 208:../src/interrupt_handlers.c **** 
 209:../src/interrupt_handlers.c **** // 96 MTU1 TGIA1
 210:../src/interrupt_handlers.c **** void INT_MTU1_TGIA1(void){  }
 713              		.loc 1 210 0
 714              		.cfi_startproc
 715              		.loc 1 210 0
 716 0320 002B     		rte	
 717 0322 0009     		nop
 718              		.cfi_endproc
 719              	.LFE50:
 721              		.align 1
 722 0324 00090009 		.align 4
 722      00090009 
 722      00090009 
 723              		.global	_INT_MTU1_TGIB1
 725              	_INT_MTU1_TGIB1:
 726              	.LFB51:
 211:../src/interrupt_handlers.c **** // 97 MTU1 TGIB1
 212:../src/interrupt_handlers.c **** void INT_MTU1_TGIB1(void){  }
 727              		.loc 1 212 0
 728              		.cfi_startproc
 729              		.loc 1 212 0
 730 0330 002B     		rte	
 731 0332 0009     		nop
 732              		.cfi_endproc
 733              	.LFE51:
 735              		.align 1
 736 0334 00090009 		.align 4
 736      00090009 
 736      00090009 
 737              		.global	_INT_MTU1_TCIV1
 739              	_INT_MTU1_TCIV1:
 740              	.LFB52:
 213:../src/interrupt_handlers.c **** // 98 Reserved
 214:../src/interrupt_handlers.c **** 
 215:../src/interrupt_handlers.c **** // 99 Reserved
 216:../src/interrupt_handlers.c **** 
 217:../src/interrupt_handlers.c **** // 100 MTU1 TCIV1
 218:../src/interrupt_handlers.c **** void INT_MTU1_TCIV1(void){  }
 741              		.loc 1 218 0
 742              		.cfi_startproc
 743              		.loc 1 218 0
 744 0340 002B     		rte	
 745 0342 0009     		nop
 746              		.cfi_endproc
 747              	.LFE52:
 749              		.align 1
 750 0344 00090009 		.align 4
 750      00090009 
 750      00090009 
 751              		.global	_INT_MTU1_TCIU1
 753              	_INT_MTU1_TCIU1:
 754              	.LFB53:
 219:../src/interrupt_handlers.c **** // 101 MTU1 TCIU1
 220:../src/interrupt_handlers.c **** void INT_MTU1_TCIU1(void){  }
 755              		.loc 1 220 0
 756              		.cfi_startproc
 757              		.loc 1 220 0
 758 0350 002B     		rte	
 759 0352 0009     		nop
 760              		.cfi_endproc
 761              	.LFE53:
 763              		.align 1
 764 0354 00090009 		.align 4
 764      00090009 
 764      00090009 
 765              		.global	_INT_MTU2_TGIA2
 767              	_INT_MTU2_TGIA2:
 768              	.LFB54:
 221:../src/interrupt_handlers.c **** // 102 Reserved
 222:../src/interrupt_handlers.c **** 
 223:../src/interrupt_handlers.c **** // 103 Reserved
 224:../src/interrupt_handlers.c **** 
 225:../src/interrupt_handlers.c **** // 104 MTU2 TGIA2
 226:../src/interrupt_handlers.c **** void INT_MTU2_TGIA2(void){  }
 769              		.loc 1 226 0
 770              		.cfi_startproc
 771              		.loc 1 226 0
 772 0360 002B     		rte	
 773 0362 0009     		nop
 774              		.cfi_endproc
 775              	.LFE54:
 777              		.align 1
 778 0364 00090009 		.align 4
 778      00090009 
 778      00090009 
 779              		.global	_INT_MTU2_TGIB2
 781              	_INT_MTU2_TGIB2:
 782              	.LFB55:
 227:../src/interrupt_handlers.c **** // 105 MTU2 TGIB2
 228:../src/interrupt_handlers.c **** void INT_MTU2_TGIB2(void){  }
 783              		.loc 1 228 0
 784              		.cfi_startproc
 785              		.loc 1 228 0
 786 0370 002B     		rte	
 787 0372 0009     		nop
 788              		.cfi_endproc
 789              	.LFE55:
 791              		.align 1
 792 0374 00090009 		.align 4
 792      00090009 
 792      00090009 
 793              		.global	_INT_MTU2_TCIV2
 795              	_INT_MTU2_TCIV2:
 796              	.LFB56:
 229:../src/interrupt_handlers.c **** // 106 Reserved
 230:../src/interrupt_handlers.c **** 
 231:../src/interrupt_handlers.c **** // 107 Reserved
 232:../src/interrupt_handlers.c **** 
 233:../src/interrupt_handlers.c **** // 108 MTU2 TCIV2
 234:../src/interrupt_handlers.c **** void INT_MTU2_TCIV2(void){  }
 797              		.loc 1 234 0
 798              		.cfi_startproc
 799              		.loc 1 234 0
 800 0380 002B     		rte	
 801 0382 0009     		nop
 802              		.cfi_endproc
 803              	.LFE56:
 805              		.align 1
 806 0384 00090009 		.align 4
 806      00090009 
 806      00090009 
 807              		.global	_INT_MTU2_TCIU2
 809              	_INT_MTU2_TCIU2:
 810              	.LFB57:
 235:../src/interrupt_handlers.c **** // 109 MTU2 TCIU2
 236:../src/interrupt_handlers.c **** void INT_MTU2_TCIU2(void){  }
 811              		.loc 1 236 0
 812              		.cfi_startproc
 813              		.loc 1 236 0
 814 0390 002B     		rte	
 815 0392 0009     		nop
 816              		.cfi_endproc
 817              	.LFE57:
 819              		.align 1
 820 0394 00090009 		.align 4
 820      00090009 
 820      00090009 
 821              		.global	_INT_MTU3_TGIA3
 823              	_INT_MTU3_TGIA3:
 824              	.LFB58:
 237:../src/interrupt_handlers.c **** // 110 Reserved
 238:../src/interrupt_handlers.c **** 
 239:../src/interrupt_handlers.c **** // 111 Reserved
 240:../src/interrupt_handlers.c **** 
 241:../src/interrupt_handlers.c **** // 112 MTU3 TGIA3
 242:../src/interrupt_handlers.c **** void INT_MTU3_TGIA3(void){  }
 825              		.loc 1 242 0
 826              		.cfi_startproc
 827              		.loc 1 242 0
 828 03a0 002B     		rte	
 829 03a2 0009     		nop
 830              		.cfi_endproc
 831              	.LFE58:
 833              		.align 1
 834 03a4 00090009 		.align 4
 834      00090009 
 834      00090009 
 835              		.global	_INT_MTU3_TGIB3
 837              	_INT_MTU3_TGIB3:
 838              	.LFB59:
 243:../src/interrupt_handlers.c **** // 113 MTU3 TGIB3
 244:../src/interrupt_handlers.c **** void INT_MTU3_TGIB3(void){  }
 839              		.loc 1 244 0
 840              		.cfi_startproc
 841              		.loc 1 244 0
 842 03b0 002B     		rte	
 843 03b2 0009     		nop
 844              		.cfi_endproc
 845              	.LFE59:
 847              		.align 1
 848 03b4 00090009 		.align 4
 848      00090009 
 848      00090009 
 849              		.global	_INT_MTU3_TGIC3
 851              	_INT_MTU3_TGIC3:
 852              	.LFB60:
 245:../src/interrupt_handlers.c **** // 114 MTU3 TGIC3
 246:../src/interrupt_handlers.c **** void INT_MTU3_TGIC3(void){  }
 853              		.loc 1 246 0
 854              		.cfi_startproc
 855              		.loc 1 246 0
 856 03c0 002B     		rte	
 857 03c2 0009     		nop
 858              		.cfi_endproc
 859              	.LFE60:
 861              		.align 1
 862 03c4 00090009 		.align 4
 862      00090009 
 862      00090009 
 863              		.global	_INT_MTU3_TGID3
 865              	_INT_MTU3_TGID3:
 866              	.LFB61:
 247:../src/interrupt_handlers.c **** // 115 MTU3 TGID3
 248:../src/interrupt_handlers.c **** void INT_MTU3_TGID3(void){  }
 867              		.loc 1 248 0
 868              		.cfi_startproc
 869              		.loc 1 248 0
 870 03d0 002B     		rte	
 871 03d2 0009     		nop
 872              		.cfi_endproc
 873              	.LFE61:
 875              		.align 1
 876 03d4 00090009 		.align 4
 876      00090009 
 876      00090009 
 877              		.global	_INT_MTU3_TCIV3
 879              	_INT_MTU3_TCIV3:
 880              	.LFB62:
 249:../src/interrupt_handlers.c **** // 116 MTU3 TCIV3
 250:../src/interrupt_handlers.c **** void INT_MTU3_TCIV3(void){  }
 881              		.loc 1 250 0
 882              		.cfi_startproc
 883              		.loc 1 250 0
 884 03e0 002B     		rte	
 885 03e2 0009     		nop
 886              		.cfi_endproc
 887              	.LFE62:
 889              		.align 1
 890 03e4 00090009 		.align 4
 890      00090009 
 890      00090009 
 891              		.global	_INT_MTU4_TGIA4
 893              	_INT_MTU4_TGIA4:
 894              	.LFB63:
 251:../src/interrupt_handlers.c **** // 117 Reserved
 252:../src/interrupt_handlers.c **** 
 253:../src/interrupt_handlers.c **** // 118 Reserved
 254:../src/interrupt_handlers.c **** 
 255:../src/interrupt_handlers.c **** // 119 Reserved
 256:../src/interrupt_handlers.c **** 
 257:../src/interrupt_handlers.c **** // 120 MTU4 TGIA4
 258:../src/interrupt_handlers.c **** void INT_MTU4_TGIA4(void){  }
 895              		.loc 1 258 0
 896              		.cfi_startproc
 897              		.loc 1 258 0
 898 03f0 002B     		rte	
 899 03f2 0009     		nop
 900              		.cfi_endproc
 901              	.LFE63:
 903              		.align 1
 904 03f4 00090009 		.align 4
 904      00090009 
 904      00090009 
 905              		.global	_INT_MTU4_TGIB4
 907              	_INT_MTU4_TGIB4:
 908              	.LFB64:
 259:../src/interrupt_handlers.c **** // 121 MTU4 TGIB4
 260:../src/interrupt_handlers.c **** void INT_MTU4_TGIB4(void){  }
 909              		.loc 1 260 0
 910              		.cfi_startproc
 911              		.loc 1 260 0
 912 0400 002B     		rte	
 913 0402 0009     		nop
 914              		.cfi_endproc
 915              	.LFE64:
 917              		.align 1
 918 0404 00090009 		.align 4
 918      00090009 
 918      00090009 
 919              		.global	_INT_MTU4_TGIC4
 921              	_INT_MTU4_TGIC4:
 922              	.LFB65:
 261:../src/interrupt_handlers.c **** // 122 MTU4 TGIC4
 262:../src/interrupt_handlers.c **** void INT_MTU4_TGIC4(void){  }
 923              		.loc 1 262 0
 924              		.cfi_startproc
 925              		.loc 1 262 0
 926 0410 002B     		rte	
 927 0412 0009     		nop
 928              		.cfi_endproc
 929              	.LFE65:
 931              		.align 1
 932 0414 00090009 		.align 4
 932      00090009 
 932      00090009 
 933              		.global	_INT_MTU4_TGID4
 935              	_INT_MTU4_TGID4:
 936              	.LFB66:
 263:../src/interrupt_handlers.c **** // 123 MTU4 TGID4
 264:../src/interrupt_handlers.c **** void INT_MTU4_TGID4(void){  }
 937              		.loc 1 264 0
 938              		.cfi_startproc
 939              		.loc 1 264 0
 940 0420 002B     		rte	
 941 0422 0009     		nop
 942              		.cfi_endproc
 943              	.LFE66:
 945              		.align 1
 946 0424 00090009 		.align 4
 946      00090009 
 946      00090009 
 947              		.global	_INT_MTU4_TCIV4
 949              	_INT_MTU4_TCIV4:
 950              	.LFB67:
 265:../src/interrupt_handlers.c **** // 124 MTU4 TCIV4
 266:../src/interrupt_handlers.c **** void INT_MTU4_TCIV4(void){  }
 951              		.loc 1 266 0
 952              		.cfi_startproc
 953              		.loc 1 266 0
 954 0430 002B     		rte	
 955 0432 0009     		nop
 956              		.cfi_endproc
 957              	.LFE67:
 959              		.align 1
 960 0434 00090009 		.align 4
 960      00090009 
 960      00090009 
 961              		.global	_INT_ADI0
 963              	_INT_ADI0:
 964              	.LFB68:
 267:../src/interrupt_handlers.c **** // 125 Reserved
 268:../src/interrupt_handlers.c **** 
 269:../src/interrupt_handlers.c **** // 126 Reserved
 270:../src/interrupt_handlers.c **** 
 271:../src/interrupt_handlers.c **** // 127 Reserved
 272:../src/interrupt_handlers.c **** 
 273:../src/interrupt_handlers.c **** // 128 Reserved
 274:../src/interrupt_handlers.c **** 
 275:../src/interrupt_handlers.c **** // 129 Reserved
 276:../src/interrupt_handlers.c **** 
 277:../src/interrupt_handlers.c **** // 130 Reserved
 278:../src/interrupt_handlers.c **** 
 279:../src/interrupt_handlers.c **** // 131 Reserved
 280:../src/interrupt_handlers.c **** 
 281:../src/interrupt_handlers.c **** // 132 Reserved
 282:../src/interrupt_handlers.c **** 
 283:../src/interrupt_handlers.c **** // 133 Reserved
 284:../src/interrupt_handlers.c **** 
 285:../src/interrupt_handlers.c **** // 134 Reserved
 286:../src/interrupt_handlers.c **** 
 287:../src/interrupt_handlers.c **** // 135 Reserved
 288:../src/interrupt_handlers.c **** 
 289:../src/interrupt_handlers.c **** // 136 A/D ADI0
 290:../src/interrupt_handlers.c **** void INT_ADI0(void){  }
 965              		.loc 1 290 0
 966              		.cfi_startproc
 967              		.loc 1 290 0
 968 0440 002B     		rte	
 969 0442 0009     		nop
 970              		.cfi_endproc
 971              	.LFE68:
 973              		.align 1
 974 0444 00090009 		.align 4
 974      00090009 
 974      00090009 
 975              		.global	_INT_ADI1
 977              	_INT_ADI1:
 978              	.LFB69:
 291:../src/interrupt_handlers.c **** // 137 A/D ADI1
 292:../src/interrupt_handlers.c **** void INT_ADI1(void){  }
 979              		.loc 1 292 0
 980              		.cfi_startproc
 981              		.loc 1 292 0
 982 0450 002B     		rte	
 983 0452 0009     		nop
 984              		.cfi_endproc
 985              	.LFE69:
 987              		.align 1
 988 0454 00090009 		.align 4
 988      00090009 
 988      00090009 
 989              		.global	_INT_DTC_SWDTEND
 991              	_INT_DTC_SWDTEND:
 992              	.LFB70:
 293:../src/interrupt_handlers.c **** // 138 Reserved
 294:../src/interrupt_handlers.c **** 
 295:../src/interrupt_handlers.c **** // 139 Reserved
 296:../src/interrupt_handlers.c **** 
 297:../src/interrupt_handlers.c **** // 140 DTC SWDTEND
 298:../src/interrupt_handlers.c **** void INT_DTC_SWDTEND(void){  }
 993              		.loc 1 298 0
 994              		.cfi_startproc
 995              		.loc 1 298 0
 996 0460 002B     		rte	
 997 0462 0009     		nop
 998              		.cfi_endproc
 999              	.LFE70:
 1001              		.align 1
 1002 0464 00090009 		.align 4
 1002      00090009 
 1002      00090009 
 1003              		.global	_INT_CMT_CMT0
 1005              	_INT_CMT_CMT0:
 1006              	.LFB71:
 299:../src/interrupt_handlers.c **** // 141 Reserved
 300:../src/interrupt_handlers.c **** 
 301:../src/interrupt_handlers.c **** // 142 Reserved
 302:../src/interrupt_handlers.c **** 
 303:../src/interrupt_handlers.c **** // 143 Reserved
 304:../src/interrupt_handlers.c **** 
 305:../src/interrupt_handlers.c **** // 144 CMT CMT0
 306:../src/interrupt_handlers.c **** 
 307:../src/interrupt_handlers.c **** void INT_CMT_CMT0(void)
 308:../src/interrupt_handlers.c **** {
 1007              		.loc 1 308 0
 1008              		.cfi_startproc
 309:../src/interrupt_handlers.c **** 	/*add your code here*/
 310:../src/interrupt_handlers.c **** }
 1009              		.loc 1 310 0
 1010 0470 002B     		rte	
 1011 0472 0009     		nop
 1012              		.cfi_endproc
 1013              	.LFE71:
 1015              		.align 1
 1016 0474 00090009 		.align 4
 1016      00090009 
 1016      00090009 
 1017              		.global	_INT_WDT_ITI
 1019              	_INT_WDT_ITI:
 1020              	.LFB72:
 311:../src/interrupt_handlers.c **** 
 312:../src/interrupt_handlers.c **** // 145 Reserved
 313:../src/interrupt_handlers.c **** 
 314:../src/interrupt_handlers.c **** // 146 Reserved
 315:../src/interrupt_handlers.c **** 
 316:../src/interrupt_handlers.c **** // 147 Reserved
 317:../src/interrupt_handlers.c **** 
 318:../src/interrupt_handlers.c **** // 148 CMT CMT1
 319:../src/interrupt_handlers.c **** //CMT has been moved to the main to facilitate the use of the interrupt for control
 320:../src/interrupt_handlers.c **** //void INT_CMT_CMT1(void){  }
 321:../src/interrupt_handlers.c **** 
 322:../src/interrupt_handlers.c **** // 149 Reserved
 323:../src/interrupt_handlers.c **** 
 324:../src/interrupt_handlers.c **** // 150 Reserved
 325:../src/interrupt_handlers.c **** 
 326:../src/interrupt_handlers.c **** // 151 Reserved
 327:../src/interrupt_handlers.c **** 
 328:../src/interrupt_handlers.c **** // 152 WDT ITI
 329:../src/interrupt_handlers.c **** void INT_WDT_ITI(void){  }
 1021              		.loc 1 329 0
 1022              		.cfi_startproc
 1023              		.loc 1 329 0
 1024 0480 002B     		rte	
 1025 0482 0009     		nop
 1026              		.cfi_endproc
 1027              	.LFE72:
 1029              		.align 1
 1030 0484 00090009 		.align 4
 1030      00090009 
 1030      00090009 
 1031              		.global	_INT_MTUOEI
 1033              	_INT_MTUOEI:
 1034              	.LFB73:
 330:../src/interrupt_handlers.c **** // 153 Reserved
 331:../src/interrupt_handlers.c **** 
 332:../src/interrupt_handlers.c **** // 154 Reserved
 333:../src/interrupt_handlers.c **** 
 334:../src/interrupt_handlers.c **** // 155 Reserved
 335:../src/interrupt_handlers.c **** 
 336:../src/interrupt_handlers.c **** // 156 I/O MTUOEI
 337:../src/interrupt_handlers.c **** void INT_MTUOEI(void){  }
 1035              		.loc 1 337 0
 1036              		.cfi_startproc
 1037              		.loc 1 337 0
 1038 0490 002B     		rte	
 1039 0492 0009     		nop
 1040              		.cfi_endproc
 1041              	.LFE73:
 1043              		.align 1
 1044 0494 00090009 		.align 4
 1044      00090009 
 1044      00090009 
 1045              		.global	_INT_SCI2_ERI2
 1047              	_INT_SCI2_ERI2:
 1048              	.LFB74:
 338:../src/interrupt_handlers.c **** // 157 Reserved
 339:../src/interrupt_handlers.c **** 
 340:../src/interrupt_handlers.c **** // 158 Reserved
 341:../src/interrupt_handlers.c **** 
 342:../src/interrupt_handlers.c **** // 159 Reserved
 343:../src/interrupt_handlers.c **** 
 344:../src/interrupt_handlers.c **** // 160 Reserved
 345:../src/interrupt_handlers.c **** 
 346:../src/interrupt_handlers.c **** // 161 Reserved
 347:../src/interrupt_handlers.c **** 
 348:../src/interrupt_handlers.c **** // 162 Reserved
 349:../src/interrupt_handlers.c **** 
 350:../src/interrupt_handlers.c **** // 163 Reserved
 351:../src/interrupt_handlers.c **** 
 352:../src/interrupt_handlers.c **** // 164 Reserved
 353:../src/interrupt_handlers.c **** 
 354:../src/interrupt_handlers.c **** // 165 Reserved
 355:../src/interrupt_handlers.c **** 
 356:../src/interrupt_handlers.c **** // 166 Reserved
 357:../src/interrupt_handlers.c **** 
 358:../src/interrupt_handlers.c **** // 167 Reserved
 359:../src/interrupt_handlers.c **** 
 360:../src/interrupt_handlers.c **** // 168 SCI2 ERI2
 361:../src/interrupt_handlers.c **** void INT_SCI2_ERI2(void){  }
 1049              		.loc 1 361 0
 1050              		.cfi_startproc
 1051              		.loc 1 361 0
 1052 04a0 002B     		rte	
 1053 04a2 0009     		nop
 1054              		.cfi_endproc
 1055              	.LFE74:
 1057              		.align 1
 1058 04a4 00090009 		.align 4
 1058      00090009 
 1058      00090009 
 1059              		.global	_INT_SCI2_RXI2
 1061              	_INT_SCI2_RXI2:
 1062              	.LFB75:
 362:../src/interrupt_handlers.c **** // 169 SCI2 RXI2
 363:../src/interrupt_handlers.c **** void INT_SCI2_RXI2(void){  }
 1063              		.loc 1 363 0
 1064              		.cfi_startproc
 1065              		.loc 1 363 0
 1066 04b0 002B     		rte	
 1067 04b2 0009     		nop
 1068              		.cfi_endproc
 1069              	.LFE75:
 1071              		.align 1
 1072 04b4 00090009 		.align 4
 1072      00090009 
 1072      00090009 
 1073              		.global	_INT_SCI2_TXI2
 1075              	_INT_SCI2_TXI2:
 1076              	.LFB76:
 364:../src/interrupt_handlers.c **** // 170 SCI2 TXI2
 365:../src/interrupt_handlers.c **** void INT_SCI2_TXI2(void){  }
 1077              		.loc 1 365 0
 1078              		.cfi_startproc
 1079              		.loc 1 365 0
 1080 04c0 002B     		rte	
 1081 04c2 0009     		nop
 1082              		.cfi_endproc
 1083              	.LFE76:
 1085              		.align 1
 1086 04c4 00090009 		.align 4
 1086      00090009 
 1086      00090009 
 1087              		.global	_INT_SCI2_TEI2
 1089              	_INT_SCI2_TEI2:
 1090              	.LFB77:
 366:../src/interrupt_handlers.c **** // 171 SCI2 TEI2
 367:../src/interrupt_handlers.c **** void INT_SCI2_TEI2(void){  }
 1091              		.loc 1 367 0
 1092              		.cfi_startproc
 1093              		.loc 1 367 0
 1094 04d0 002B     		rte	
 1095 04d2 0009     		nop
 1096              		.cfi_endproc
 1097              	.LFE77:
 1099              		.align 1
 1100 04d4 00090009 		.align 4
 1100      00090009 
 1100      00090009 
 1101              		.global	_INT_SCI3_ERI3
 1103              	_INT_SCI3_ERI3:
 1104              	.LFB78:
 368:../src/interrupt_handlers.c **** // 172 SCI3 ERI3
 369:../src/interrupt_handlers.c **** void INT_SCI3_ERI3(void) {
 1105              		.loc 1 369 0
 1106              		.cfi_startproc
 1107 04e0 2F16     		mov.l	r1,@-r15
 1108              	.LCFI0:
 1109              		.cfi_def_cfa_offset 4
 1110              		.cfi_offset 1, -4
 370:../src/interrupt_handlers.c **** 	SCI3.SSR.BYTE &= 0x00;
 1111              		.loc 1 370 0
 1112 04e2 9107     		mov.w	.L80,r1
 369:../src/interrupt_handlers.c **** void INT_SCI3_ERI3(void) {
 1113              		.loc 1 369 0
 1114 04e4 2F26     		mov.l	r2,@-r15
 1115              	.LCFI1:
 1116              		.cfi_def_cfa_offset 8
 1117              		.cfi_offset 2, -8
 1118              		.loc 1 370 0
 1119 04e6 6210     		mov.b	@r1,r2
 1120 04e8 E200     		mov	#0,r2
 1121 04ea 2120     		mov.b	r2,@r1
 371:../src/interrupt_handlers.c **** }
 1122              		.loc 1 371 0
 1123 04ec 62F6     		mov.l   @r15+,r2
 1124 04ee 61F6     		mov.l   @r15+,r1
 1125 04f0 002B     		rte	
 1126 04f2 0009     		nop
 1127              		.align 1
 1128              	.L80:
 1129 04f4 81D4     		.short	-32300
 1130              		.cfi_endproc
 1131              	.LFE78:
 1133              		.align 1
 1134 04f6 00090009 		.align 4
 1134      00090009 
 1134      0009
 1135              		.global	_INT_SCI3_RXI3
 1137              	_INT_SCI3_RXI3:
 1138              	.LFB79:
 372:../src/interrupt_handlers.c **** // 173 SCI3 RXI3
 373:../src/interrupt_handlers.c **** void INT_SCI3_RXI3(void) {
 1139              		.loc 1 373 0
 1140              		.cfi_startproc
 1141 0500 2F06     		mov.l	r0,@-r15
 1142              	.LCFI2:
 1143              		.cfi_def_cfa_offset 4
 1144              		.cfi_offset 0, -4
 1145 0502 2F16     		mov.l	r1,@-r15
 1146              	.LCFI3:
 1147              		.cfi_def_cfa_offset 8
 1148              		.cfi_offset 1, -8
 374:../src/interrupt_handlers.c **** 	static short lnum=0,i;
 375:../src/interrupt_handlers.c **** 	unsigned char sci3_rdata;
 376:../src/interrupt_handlers.c **** 	sci3_rdata = SCI3.RDR;
 1149              		.loc 1 376 0
 1150 0504 910E     		mov.w	.L82,r1
 373:../src/interrupt_handlers.c **** void INT_SCI3_RXI3(void) {
 1151              		.loc 1 373 0
 1152 0506 2F26     		mov.l	r2,@-r15
 1153              	.LCFI4:
 1154              		.cfi_def_cfa_offset 12
 1155              		.cfi_offset 2, -12
 1156              		.loc 1 376 0
 1157 0508 6213     		mov	r1,r2
 1158 050a 7205     		add	#5,r2
 377:../src/interrupt_handlers.c **** 	SCI3.SSR.BYTE &= ~0x40;
 1159              		.loc 1 377 0
 1160 050c 7104     		add	#4,r1
 376:../src/interrupt_handlers.c **** 	sci3_rdata = SCI3.RDR;
 1161              		.loc 1 376 0
 1162 050e 6220     		mov.b	@r2,r2
 1163              	.LVL0:
 1164              		.loc 1 377 0
 1165 0510 6010     		mov.b	@r1,r0
 1166 0512 C9BF     		and	#191,r0
 1167 0514 2100     		mov.b	r0,@r1
 378:../src/interrupt_handlers.c **** 	data=sci3_rdata;
 1168              		.loc 1 378 0
 1169 0516 D104     		mov.l	.L83,r1
 1170 0518 2120     		mov.b	r2,@r1
 379:../src/interrupt_handlers.c **** }
 1171              		.loc 1 379 0
 1172 051a 62F6     		mov.l   @r15+,r2
 1173              	.LVL1:
 1174 051c 61F6     		mov.l   @r15+,r1
 1175              	.LVL2:
 1176 051e 60F6     		mov.l   @r15+,r0
 1177 0520 002B     		rte	
 1178 0522 0009     		nop
 1179              		.align 1
 1180              	.L82:
 1181 0524 81D0     		.short	-32304
 1182              	.L84:
 1183 0526 0009     		.align 2
 1184              	.L83:
 1185 0528 00000000 		.long	_data
 1186              		.cfi_endproc
 1187              	.LFE79:
 1189              		.align 1
 1190 052c 00090009 		.align 4
 1191              		.global	_INT_SCI3_TXI3
 1193              	_INT_SCI3_TXI3:
 1194              	.LFB80:
 380:../src/interrupt_handlers.c **** // 174 SCI3 TXI3
 381:../src/interrupt_handlers.c **** void INT_SCI3_TXI3(void) {
 1195              		.loc 1 381 0
 1196              		.cfi_startproc
 1197 0530 2F06     		mov.l	r0,@-r15
 1198              	.LCFI5:
 1199              		.cfi_def_cfa_offset 4
 1200              		.cfi_offset 0, -4
 1201 0532 2F16     		mov.l	r1,@-r15
 1202              	.LCFI6:
 1203              		.cfi_def_cfa_offset 8
 1204              		.cfi_offset 1, -8
 382:../src/interrupt_handlers.c **** 	SCI3.SSR.BIT.TDRE = 0;
 1205              		.loc 1 382 0
 1206 0534 9106     		mov.w	.L86,r1
 1207 0536 6010     		mov.b	@r1,r0
 1208 0538 C97F     		and	#127,r0
 1209 053a 2100     		mov.b	r0,@r1
 383:../src/interrupt_handlers.c **** }
 1210              		.loc 1 383 0
 1211 053c 61F6     		mov.l   @r15+,r1
 1212 053e 60F6     		mov.l   @r15+,r0
 1213 0540 002B     		rte	
 1214 0542 0009     		nop
 1215              		.align 1
 1216              	.L86:
 1217 0544 81D4     		.short	-32300
 1218              		.cfi_endproc
 1219              	.LFE80:
 1221              		.align 1
 1222 0546 00090009 		.align 4
 1222      00090009 
 1222      0009
 1223              		.global	_INT_SCI3_TEI3
 1225              	_INT_SCI3_TEI3:
 1226              	.LFB81:
 384:../src/interrupt_handlers.c **** // 175 SCI3 TEI3
 385:../src/interrupt_handlers.c **** void INT_SCI3_TEI3(void) {
 1227              		.loc 1 385 0
 1228              		.cfi_startproc
 1229 0550 2F06     		mov.l	r0,@-r15
 1230              	.LCFI7:
 1231              		.cfi_def_cfa_offset 4
 1232              		.cfi_offset 0, -4
 1233 0552 2F16     		mov.l	r1,@-r15
 1234              	.LCFI8:
 1235              		.cfi_def_cfa_offset 8
 1236              		.cfi_offset 1, -8
 386:../src/interrupt_handlers.c **** 	SCI3.SCR.BYTE	&= ~0x04;
 1237              		.loc 1 386 0
 1238 0554 9106     		mov.w	.L88,r1
 1239 0556 6010     		mov.b	@r1,r0
 1240 0558 C9FB     		and	#251,r0
 1241 055a 2100     		mov.b	r0,@r1
 387:../src/interrupt_handlers.c **** }
 1242              		.loc 1 387 0
 1243 055c 61F6     		mov.l   @r15+,r1
 1244 055e 60F6     		mov.l   @r15+,r0
 1245 0560 002B     		rte	
 1246 0562 0009     		nop
 1247              		.align 1
 1248              	.L88:
 1249 0564 81D2     		.short	-32302
 1250              		.cfi_endproc
 1251              	.LFE81:
 1253              		.align 1
 1254 0566 00090009 		.align 4
 1254      00090009 
 1254      0009
 1255              		.global	_INT_SCI4_ERI4
 1257              	_INT_SCI4_ERI4:
 1258              	.LFB82:
 388:../src/interrupt_handlers.c **** // 176 SCI4 ERI4
 389:../src/interrupt_handlers.c **** void INT_SCI4_ERI4(void){  }
 1259              		.loc 1 389 0
 1260              		.cfi_startproc
 1261              		.loc 1 389 0
 1262 0570 002B     		rte	
 1263 0572 0009     		nop
 1264              		.cfi_endproc
 1265              	.LFE82:
 1267              		.align 1
 1268 0574 00090009 		.align 4
 1268      00090009 
 1268      00090009 
 1269              		.global	_INT_SCI4_RXI4
 1271              	_INT_SCI4_RXI4:
 1272              	.LFB83:
 390:../src/interrupt_handlers.c **** // 177 SCI4 RXI4
 391:../src/interrupt_handlers.c **** void INT_SCI4_RXI4(void){  }
 1273              		.loc 1 391 0
 1274              		.cfi_startproc
 1275              		.loc 1 391 0
 1276 0580 002B     		rte	
 1277 0582 0009     		nop
 1278              		.cfi_endproc
 1279              	.LFE83:
 1281              		.align 1
 1282 0584 00090009 		.align 4
 1282      00090009 
 1282      00090009 
 1283              		.global	_INT_SCI4_TXI4
 1285              	_INT_SCI4_TXI4:
 1286              	.LFB84:
 392:../src/interrupt_handlers.c **** // 178 SCI4 TXI4
 393:../src/interrupt_handlers.c **** void INT_SCI4_TXI4(void){  }
 1287              		.loc 1 393 0
 1288              		.cfi_startproc
 1289              		.loc 1 393 0
 1290 0590 002B     		rte	
 1291 0592 0009     		nop
 1292              		.cfi_endproc
 1293              	.LFE84:
 1295              		.align 1
 1296 0594 00090009 		.align 4
 1296      00090009 
 1296      00090009 
 1297              		.global	_INT_SCI4_TEI4
 1299              	_INT_SCI4_TEI4:
 1300              	.LFB85:
 394:../src/interrupt_handlers.c **** // 179 SCI4 TEI4
 395:../src/interrupt_handlers.c **** void INT_SCI4_TEI4(void){  }
 1301              		.loc 1 395 0
 1302              		.cfi_startproc
 1303              		.loc 1 395 0
 1304 05a0 002B     		rte	
 1305 05a2 0009     		nop
 1306              		.cfi_endproc
 1307              	.LFE85:
 1309              		.align 1
 1310 05a4 00090009 		.align 4
 1310      00090009 
 1310      00090009 
 1311              		.global	_INT_MMT_TGIM
 1313              	_INT_MMT_TGIM:
 1314              	.LFB86:
 396:../src/interrupt_handlers.c **** // 180 MMT TGIM
 397:../src/interrupt_handlers.c **** void INT_MMT_TGIM(void){  }
 1315              		.loc 1 397 0
 1316              		.cfi_startproc
 1317              		.loc 1 397 0
 1318 05b0 002B     		rte	
 1319 05b2 0009     		nop
 1320              		.cfi_endproc
 1321              	.LFE86:
 1323              		.align 1
 1324 05b4 00090009 		.align 4
 1324      00090009 
 1324      00090009 
 1325              		.global	_INT_MMT_TGIN
 1327              	_INT_MMT_TGIN:
 1328              	.LFB87:
 398:../src/interrupt_handlers.c **** // 181 MMT TGIN
 399:../src/interrupt_handlers.c **** void INT_MMT_TGIN(void){  }
 1329              		.loc 1 399 0
 1330              		.cfi_startproc
 1331              		.loc 1 399 0
 1332 05c0 002B     		rte	
 1333 05c2 0009     		nop
 1334              		.cfi_endproc
 1335              	.LFE87:
 1337              		.align 1
 1338 05c4 00090009 		.align 4
 1338      00090009 
 1338      00090009 
 1339              		.global	_INT_ADI2
 1341              	_INT_ADI2:
 1342              	.LFB88:
 400:../src/interrupt_handlers.c **** // 182 Reserved
 401:../src/interrupt_handlers.c **** 
 402:../src/interrupt_handlers.c **** // 183 Reserved
 403:../src/interrupt_handlers.c **** 
 404:../src/interrupt_handlers.c **** // 184 A/D2 ADI2
 405:../src/interrupt_handlers.c **** void INT_ADI2(void){  }
 1343              		.loc 1 405 0
 1344              		.cfi_startproc
 1345              		.loc 1 405 0
 1346 05d0 002B     		rte	
 1347 05d2 0009     		nop
 1348              		.cfi_endproc
 1349              	.LFE88:
 1351              		.align 1
 1352 05d4 00090009 		.align 4
 1352      00090009 
 1352      00090009 
 1353              		.global	_INT_MMTOEI
 1355              	_INT_MMTOEI:
 1356              	.LFB89:
 406:../src/interrupt_handlers.c **** // 185 Reserved
 407:../src/interrupt_handlers.c **** 
 408:../src/interrupt_handlers.c **** // 186 Reserved
 409:../src/interrupt_handlers.c **** 
 410:../src/interrupt_handlers.c **** // 187 Reserved
 411:../src/interrupt_handlers.c **** 
 412:../src/interrupt_handlers.c **** // 188 Reserved
 413:../src/interrupt_handlers.c **** 
 414:../src/interrupt_handlers.c **** // 189 Reserved
 415:../src/interrupt_handlers.c **** 
 416:../src/interrupt_handlers.c **** // 190 Reserved
 417:../src/interrupt_handlers.c **** 
 418:../src/interrupt_handlers.c **** // 191 Reserved
 419:../src/interrupt_handlers.c **** 
 420:../src/interrupt_handlers.c **** // 192 Reserved
 421:../src/interrupt_handlers.c **** 
 422:../src/interrupt_handlers.c **** // 193 Reserved
 423:../src/interrupt_handlers.c **** 
 424:../src/interrupt_handlers.c **** // 194 Reserved
 425:../src/interrupt_handlers.c **** 
 426:../src/interrupt_handlers.c **** // 195 Reserved
 427:../src/interrupt_handlers.c **** 
 428:../src/interrupt_handlers.c **** // 196 Reserved
 429:../src/interrupt_handlers.c **** 
 430:../src/interrupt_handlers.c **** // 197 Reserved
 431:../src/interrupt_handlers.c **** 
 432:../src/interrupt_handlers.c **** // 198 Reserved
 433:../src/interrupt_handlers.c **** 
 434:../src/interrupt_handlers.c **** // 199 Reserved
 435:../src/interrupt_handlers.c **** 
 436:../src/interrupt_handlers.c **** // 200 I/O MMTOEI
 437:../src/interrupt_handlers.c **** void INT_MMTOEI(void){  }
 1357              		.loc 1 437 0
 1358              		.cfi_startproc
 1359              		.loc 1 437 0
 1360 05e0 002B     		rte	
 1361 05e2 0009     		nop
 1362              		.cfi_endproc
 1363              	.LFE89:
 1365              		.align 1
 1366 05e4 00090009 		.align 4
 1366      00090009 
 1366      00090009 
 1367              		.global	_INT_HCAN2_ERS1
 1369              	_INT_HCAN2_ERS1:
 1370              	.LFB90:
 438:../src/interrupt_handlers.c **** // 201 Reserved
 439:../src/interrupt_handlers.c **** 
 440:../src/interrupt_handlers.c **** // 202 Reserved
 441:../src/interrupt_handlers.c **** 
 442:../src/interrupt_handlers.c **** // 203 Reserved
 443:../src/interrupt_handlers.c **** 
 444:../src/interrupt_handlers.c **** // 204 Reserved
 445:../src/interrupt_handlers.c **** 
 446:../src/interrupt_handlers.c **** // 205 Reserved
 447:../src/interrupt_handlers.c **** 
 448:../src/interrupt_handlers.c **** // 206 Reserved
 449:../src/interrupt_handlers.c **** 
 450:../src/interrupt_handlers.c **** // 207 Reserved
 451:../src/interrupt_handlers.c **** 
 452:../src/interrupt_handlers.c **** // 208 HCAN2 ERS1
 453:../src/interrupt_handlers.c **** void INT_HCAN2_ERS1(void){  }
 1371              		.loc 1 453 0
 1372              		.cfi_startproc
 1373              		.loc 1 453 0
 1374 05f0 002B     		rte	
 1375 05f2 0009     		nop
 1376              		.cfi_endproc
 1377              	.LFE90:
 1379              		.align 1
 1380 05f4 00090009 		.align 4
 1380      00090009 
 1380      00090009 
 1381              		.global	_INT_HCAN2_OVR1
 1383              	_INT_HCAN2_OVR1:
 1384              	.LFB91:
 454:../src/interrupt_handlers.c **** // 209 HCAN2 OVR1
 455:../src/interrupt_handlers.c **** void INT_HCAN2_OVR1(void){  }
 1385              		.loc 1 455 0
 1386              		.cfi_startproc
 1387              		.loc 1 455 0
 1388 0600 002B     		rte	
 1389 0602 0009     		nop
 1390              		.cfi_endproc
 1391              	.LFE91:
 1393              		.align 1
 1394 0604 00090009 		.align 4
 1394      00090009 
 1394      00090009 
 1395              		.global	_INT_HCAN2_RM1
 1397              	_INT_HCAN2_RM1:
 1398              	.LFB92:
 456:../src/interrupt_handlers.c **** // 210 HCAN2 RM1
 457:../src/interrupt_handlers.c **** void INT_HCAN2_RM1(void){  }
 1399              		.loc 1 457 0
 1400              		.cfi_startproc
 1401              		.loc 1 457 0
 1402 0610 002B     		rte	
 1403 0612 0009     		nop
 1404              		.cfi_endproc
 1405              	.LFE92:
 1407              		.align 1
 1408 0614 00090009 		.align 4
 1408      00090009 
 1408      00090009 
 1409              		.global	_INT_HCAN2_SLE1
 1411              	_INT_HCAN2_SLE1:
 1412              	.LFB93:
 458:../src/interrupt_handlers.c **** // 211 HCAN2 SLE1
 459:../src/interrupt_handlers.c **** void INT_HCAN2_SLE1(void){  }
 1413              		.loc 1 459 0
 1414              		.cfi_startproc
 1415              		.loc 1 459 0
 1416 0620 002B     		rte	
 1417 0622 0009     		nop
 1418              		.cfi_endproc
 1419              	.LFE93:
 1421              		.align 1
 1422 0624 00090009 		.align 4
 1422      00090009 
 1422      00090009 
 1423              		.global	_Dummy
 1425              	_Dummy:
 1426              	.LFB94:
 460:../src/interrupt_handlers.c **** // 212 Reserved
 461:../src/interrupt_handlers.c **** 
 462:../src/interrupt_handlers.c **** // 213 Reserved
 463:../src/interrupt_handlers.c **** 
 464:../src/interrupt_handlers.c **** // 214 Reserved
 465:../src/interrupt_handlers.c **** 
 466:../src/interrupt_handlers.c **** // 215 Reserved
 467:../src/interrupt_handlers.c **** 
 468:../src/interrupt_handlers.c **** // 216 Reserved
 469:../src/interrupt_handlers.c **** 
 470:../src/interrupt_handlers.c **** // 217 Reserved
 471:../src/interrupt_handlers.c **** 
 472:../src/interrupt_handlers.c **** // 218 Reserved
 473:../src/interrupt_handlers.c **** 
 474:../src/interrupt_handlers.c **** // 219 Reserved
 475:../src/interrupt_handlers.c **** 
 476:../src/interrupt_handlers.c **** // 220 Reserved
 477:../src/interrupt_handlers.c **** 
 478:../src/interrupt_handlers.c **** // 221 Reserved
 479:../src/interrupt_handlers.c **** 
 480:../src/interrupt_handlers.c **** // 222 Reserved
 481:../src/interrupt_handlers.c **** 
 482:../src/interrupt_handlers.c **** // 223 Reserved
 483:../src/interrupt_handlers.c **** 
 484:../src/interrupt_handlers.c **** // 224 Reserved
 485:../src/interrupt_handlers.c **** 
 486:../src/interrupt_handlers.c **** // 225 Reserved
 487:../src/interrupt_handlers.c **** 
 488:../src/interrupt_handlers.c **** // 226 Reserved
 489:../src/interrupt_handlers.c **** 
 490:../src/interrupt_handlers.c **** // 227 Reserved
 491:../src/interrupt_handlers.c **** 
 492:../src/interrupt_handlers.c **** // 228 Reserved
 493:../src/interrupt_handlers.c **** 
 494:../src/interrupt_handlers.c **** // 229 Reserved
 495:../src/interrupt_handlers.c **** 
 496:../src/interrupt_handlers.c **** // 230 Reserved
 497:../src/interrupt_handlers.c **** 
 498:../src/interrupt_handlers.c **** // 231 Reserved
 499:../src/interrupt_handlers.c **** 
 500:../src/interrupt_handlers.c **** // 232 Reserved
 501:../src/interrupt_handlers.c **** 
 502:../src/interrupt_handlers.c **** // 233 Reserved
 503:../src/interrupt_handlers.c **** 
 504:../src/interrupt_handlers.c **** // 234 Reserved
 505:../src/interrupt_handlers.c **** 
 506:../src/interrupt_handlers.c **** // 235 Reserved
 507:../src/interrupt_handlers.c **** 
 508:../src/interrupt_handlers.c **** // 236 Reserved
 509:../src/interrupt_handlers.c **** 
 510:../src/interrupt_handlers.c **** // 237 Reserved
 511:../src/interrupt_handlers.c **** 
 512:../src/interrupt_handlers.c **** // 238 Reserved
 513:../src/interrupt_handlers.c **** 
 514:../src/interrupt_handlers.c **** // 239 Reserved
 515:../src/interrupt_handlers.c **** 
 516:../src/interrupt_handlers.c **** // 240 Reserved
 517:../src/interrupt_handlers.c **** 
 518:../src/interrupt_handlers.c **** // 241 Reserved
 519:../src/interrupt_handlers.c **** 
 520:../src/interrupt_handlers.c **** // 242 Reserved
 521:../src/interrupt_handlers.c **** 
 522:../src/interrupt_handlers.c **** // 243 Reserved
 523:../src/interrupt_handlers.c **** 
 524:../src/interrupt_handlers.c **** // 244 Reserved
 525:../src/interrupt_handlers.c **** 
 526:../src/interrupt_handlers.c **** // 245 Reserved
 527:../src/interrupt_handlers.c **** 
 528:../src/interrupt_handlers.c **** // 246 Reserved
 529:../src/interrupt_handlers.c **** 
 530:../src/interrupt_handlers.c **** // 247 Reserved
 531:../src/interrupt_handlers.c **** 
 532:../src/interrupt_handlers.c **** // 248 Reserved
 533:../src/interrupt_handlers.c **** 
 534:../src/interrupt_handlers.c **** // 249 Reserved
 535:../src/interrupt_handlers.c **** 
 536:../src/interrupt_handlers.c **** // 250 Reserved
 537:../src/interrupt_handlers.c **** 
 538:../src/interrupt_handlers.c **** // 251 Reserved
 539:../src/interrupt_handlers.c **** 
 540:../src/interrupt_handlers.c **** // 252 Reserved
 541:../src/interrupt_handlers.c **** 
 542:../src/interrupt_handlers.c **** // 253 Reserved
 543:../src/interrupt_handlers.c **** 
 544:../src/interrupt_handlers.c **** // 254 Reserved
 545:../src/interrupt_handlers.c **** 
 546:../src/interrupt_handlers.c **** // 255 Reserved
 547:../src/interrupt_handlers.c **** 
 548:../src/interrupt_handlers.c **** 
 549:../src/interrupt_handlers.c **** // Dummy
 550:../src/interrupt_handlers.c **** void Dummy(void){  }
 1427              		.loc 1 550 0
 1428              		.cfi_startproc
 1429              		.loc 1 550 0
 1430 0630 002B     		rte	
 1431 0632 0009     		nop
 1432              		.cfi_endproc
 1433              	.LFE94:
 1435              	.Letext0:
 1436              		.file 2 "../src/iodefine.h"
 1437              		.file 3 "../src/sci3.h"
